
Magic 8.3 revision 416 - Compiled on Пн 30 окт 2023 15:07:24 +06.
Starting magic under Tcl interpreter
Using the terminal as the console.
Using NULL graphics device.
Processing system .magicrc file
Sourcing design .magicrc for technology gf180mcuD ...
10 Magic internal units = 1 Lambda
Input style import: scaleFactor=10, multiplier=2
The following types are not handled by extraction and will be treated as non-electrical types:
    obsactive mvobsactive filldiff fillpoly m1hole obsm1 fillm1 obsv1 m2hole obsm2 fillm2 obsv2 m3hole obsm3 fillm3 m4hole obsm4 fillm4 m5hole obsm5 fillm5 glass fillblock lvstext obscomment 
Scaled tech values by 10 / 1 to match internal grid scaling
Loading gf180mcuD Device Generator Menu ...
Using technology "gf180mcuD", version 1.0.455-1-ge0f692f
Warning: Calma reading is not undoable!  I hope that's OK.
Library written using GDS-II Release 3.0
Library name: user_project_wrapper
Reading "gf180mcu_fd_sc_mcu7t5v0__tiel".
Reading "gf180mcu_fd_sc_mcu7t5v0__mux4_1".
Reading "gf180mcu_fd_sc_mcu7t5v0__clkbuf_4".
Reading "gf180mcu_fd_sc_mcu7t5v0__inv_2".
Reading "fpga_struct_block".
    5000 uses
Moving label "_0042_" from metal3 to via2 in cell fpga_struct_block.
Moving label "_0061_" from metal4 to via3 in cell fpga_struct_block.
Moving label "_0329_" from metal3 to via2 in cell fpga_struct_block.
Moving label "_0981_" from metal3 to via2 in cell fpga_struct_block.
Moving label "clknet_leaf_39_config_clk_i" from metal3 to via2 in cell fpga_struct_block.
Moving label "inputs_left_i[14]" from metal3 to via2 in cell fpga_struct_block.
Moving label "logic.logic_block._11_\[100\]" from metal3 to via2 in cell fpga_struct_block.
Moving label "logic.logic_block._11_\[177\]" from metal2 to via1 in cell fpga_struct_block.
Moving label "logic.logic_block._11_\[250\]" from metal3 to via2 in cell fpga_struct_block.
Moving label "logic.logic_block._11_\[44\]" from metal3 to via2 in cell fpga_struct_block.
Moving label "logic.logic_block.logic_cells:3.cell._1_" from metal3 to via2 in cell fpga_struct_block.
Reading "gf180mcu_fd_sc_mcu7t5v0__dffq_4".
Reading "gf180mcu_fd_sc_mcu7t5v0__mux4_4".
Reading "gf180mcu_fd_sc_mcu7t5v0__oai32_1".
Reading "gf180mcu_fd_sc_mcu7t5v0__or4_1".
Reading "gf180mcu_fd_sc_mcu7t5v0__nor4_4".
Reading "gf180mcu_fd_sc_mcu7t5v0__or4_2".
Reading "gf180mcu_fd_sc_mcu7t5v0__nor4_2".
Reading "gf180mcu_fd_sc_mcu7t5v0__and4_1".
Reading "gf180mcu_fd_sc_mcu7t5v0__mux4_2".
Reading "gf180mcu_fd_sc_mcu7t5v0__nand4_1".
Reading "gf180mcu_fd_sc_mcu7t5v0__mux2_2".
Reading "gf180mcu_fd_sc_mcu7t5v0__aoi221_4".
Reading "gf180mcu_fd_sc_mcu7t5v0__aoi221_2".
Reading "gf180mcu_fd_sc_mcu7t5v0__dffsnq_1".
Reading "gf180mcu_fd_sc_mcu7t5v0__tieh".
Reading "gf180mcu_fd_sc_mcu7t5v0__oai221_4".
Reading "gf180mcu_fd_sc_mcu7t5v0__mux2_4".
Reading "gf180mcu_fd_sc_mcu7t5v0__oai221_2".
Reading "gf180mcu_fd_sc_mcu7t5v0__inv_20".
Reading "gf180mcu_fd_sc_mcu7t5v0__oai22_2".
Reading "gf180mcu_fd_sc_mcu7t5v0__or2_4".
Reading "gf180mcu_fd_sc_mcu7t5v0__clkinv_12".
Reading "gf180mcu_fd_sc_mcu7t5v0__inv_8".
Reading "efuse_array".
CIF file read warning: CIF style import: units rescaled by factor of 5 / 1
Error while reading cell "efuse_array" (byte position 7958056): Warning:  Cell efuse_array boundary was redefined.
Error while reading cell "efuse_array" (byte position 7958056): Warning:  Cell efuse_array boundary was redefined.
Error while reading cell "efuse_array" (byte position 7958056): Warning:  Cell efuse_array boundary was redefined.
Error while reading cell "efuse_array" (byte position 7958056): Warning:  Cell efuse_array boundary was redefined.
Error while reading cell "efuse_array" (byte position 7958056): Warning:  Cell efuse_array boundary was redefined.
Error while reading cell "efuse_array" (byte position 7958056): Warning:  Cell efuse_array boundary was redefined.
Error while reading cell "efuse_array" (byte position 7958056): Warning:  Cell efuse_array boundary was redefined.
Reading "gf180mcu_fd_sc_mcu7t5v0__nand4_2".
Reading "gf180mcu_fd_sc_mcu7t5v0__clkinv_20".
Reading "gf180mcu_fd_sc_mcu7t5v0__clkinv_16".
Reading "gf180mcu_fd_sc_mcu7t5v0__oai31_4".
Reading "gf180mcu_fd_sc_mcu7t5v0__and2_2".
Reading "VIA_Via2_VH".
Reading "VIA_via3_4_3200_1200_1_3_1040_1040".
Reading "VIA_via1_2_3200_1200_1_3_1040_1040".
Reading "VIA_via2_3_3200_1200_1_3_1040_1040".
Reading "VIA_Via4_1_VH".
Reading "VIA_Via1_VV".
Reading "VIA_Via3_HV".
Reading "VIA_Via1_HV".
Reading "VIA_Via3_VV".
Reading "VIA_via3_4_5000_560_1_5_1040_1040".
Reading "VIA_via2_3_5000_560_1_5_1040_1040".
Reading "VIA_via1_2_5000_1200_1_4_1240_1240".
Reading "VIA_via3_4_3200_1160_1_3_1040_1040".
Reading "VIA_via1_2_3200_1160_1_3_1040_1040".
Reading "VIA_via2_3_3200_1160_1_3_1040_1040".
Reading "VIA_Via2_HH".
Reading "VIA_via3_4_3200_2500_2_3_1040_1040".
Reading "efuse_ctrl".
    5000 uses
    10000 uses
    15000 uses
    20000 uses
    25000 uses
    30000 uses
    35000 uses
    40000 uses
    45000 uses
    50000 uses
    55000 uses
    60000 uses
    65000 uses
    70000 uses
    75000 uses
    80000 uses
    85000 uses
    90000 uses
    95000 uses
    100000 uses
    105000 uses
    110000 uses
    115000 uses
    120000 uses
    125000 uses
    130000 uses
    135000 uses
    140000 uses
    145000 uses
    150000 uses
    155000 uses
    160000 uses
    165000 uses
    170000 uses
    175000 uses
    180000 uses
    185000 uses
    190000 uses
    195000 uses
    200000 uses
    205000 uses
    210000 uses
    215000 uses
    220000 uses
    225000 uses
    230000 uses
Reading "user_project_wrapper".
    5000 uses
    10000 uses
    15000 uses
    20000 uses
    25000 uses
    30000 uses
    35000 uses
    40000 uses
    45000 uses
    50000 uses
    55000 uses
    60000 uses
    65000 uses
    70000 uses
    75000 uses
    80000 uses
    85000 uses
    90000 uses
    95000 uses
    100000 uses
    105000 uses
    110000 uses
    115000 uses
    120000 uses
    125000 uses
Moving label "_00680_" from metal5 to via4 in cell user_project_wrapper.
Moving label "_00839_" from metal3 to via2 in cell user_project_wrapper.
Moving label "_00887_" from metal3 to via2 in cell user_project_wrapper.
Moving label "_01005_" from metal4 to via3 in cell user_project_wrapper.
Moving label "_01106_" from metal3 to via2 in cell user_project_wrapper.
Moving label "_03081_" from metal3 to via2 in cell user_project_wrapper.
Moving label "_07566_" from metal3 to via2 in cell user_project_wrapper.
Moving label "_07652_" from metal2 to via1 in cell user_project_wrapper.
Moving label "_09246_" from metal3 to via2 in cell user_project_wrapper.
Moving label "ariel_fpga_top_inst._14_\[20\]" from metal3 to via2 in cell user_project_wrapper.
Moving label "ariel_fpga_top_inst.fpga_fabric_inst._010_\[2\]" from metal3 to via2 in cell user_project_wrapper.
Moving label "ariel_fpga_top_inst.fpga_fabric_inst._028_\[1\]" from metal5 to via4 in cell user_project_wrapper.
Moving label "ariel_fpga_top_inst.fpga_fabric_inst._079_" from metal3 to via2 in cell user_project_wrapper.
Moving label "ariel_fpga_top_inst.fpga_fabric_inst.horizontal_routing_network_x:1.horizontal_routing_network_y:2.routing_node_left.node._043_" from metal2 to via1 in cell user_project_wrapper.
Moving label "ariel_fpga_top_inst.fpga_fabric_inst.horizontal_routing_network_x:1.horizontal_routing_network_y:2.routing_node_right._2_\[41\]" from metal3 to via2 in cell user_project_wrapper.
Moving label "ariel_fpga_top_inst.fpga_fabric_inst.horizontal_routing_network_x:1.horizontal_routing_network_y:2.routing_node_right.node.muxes:9.bufs:7.rnode_in.i" from metal5 to via4 in cell user_project_wrapper.
Moving label "ariel_fpga_top_inst.fpga_fabric_inst.horizontal_routing_network_x:1.horizontal_routing_network_y:3.routing_node_left.node._042_" from metal5 to via4 in cell user_project_wrapper.
Moving label "ariel_fpga_top_inst.fpga_fabric_inst.horizontal_routing_network_x:1.horizontal_routing_network_y:3.routing_node_left.node._064_" from metal5 to via4 in cell user_project_wrapper.
Moving label "ariel_fpga_top_inst.fpga_fabric_inst.horizontal_routing_network_x:1.horizontal_routing_network_y:3.routing_node_right.node._153_" from metal5 to via4 in cell user_project_wrapper.
Moving label "ariel_fpga_top_inst.fpga_fabric_inst.horizontal_routing_network_x:1.horizontal_routing_network_y:4.routing_node_left.node._132_" from metal3 to via2 in cell user_project_wrapper.
Moving label "ariel_fpga_top_inst.fpga_fabric_inst.horizontal_routing_network_x:1.horizontal_routing_network_y:5.routing_node_right.node.muxes:11.bufs:7.rnode_in.i" from metal2 to via1 in cell user_project_wrapper.
Moving label "ariel_fpga_top_inst.fpga_fabric_inst.horizontal_routing_network_x:1.horizontal_routing_network_y:7.routing_node_right._2_\[12\]" from metal3 to via2 in cell user_project_wrapper.
Moving label "ariel_fpga_top_inst.fpga_fabric_inst.horizontal_routing_network_x:1.horizontal_routing_network_y:7.routing_node_right._2_\[43\]" from metal3 to via2 in cell user_project_wrapper.
Moving label "ariel_fpga_top_inst.fpga_fabric_inst.horizontal_routing_network_x:1.horizontal_routing_network_y:8.routing_node_left.node.muxes:10.bufs:6.rnode_in.i" from metal5 to via4 in cell user_project_wrapper.
Moving label "ariel_fpga_top_inst.fpga_fabric_inst.horizontal_routing_network_x:2.horizontal_routing_network_y:1.routing_node_right.node._076_" from metal5 to via4 in cell user_project_wrapper.
Moving label "ariel_fpga_top_inst.fpga_fabric_inst.horizontal_routing_network_x:2.horizontal_routing_network_y:2.routing_node_left.node.muxes:4.bufs:7.rnode_in.i" from metal5 to via4 in cell user_project_wrapper.
Moving label "ariel_fpga_top_inst.fpga_fabric_inst.horizontal_routing_network_x:2.horizontal_routing_network_y:4.routing_node_left.node._172_" from metal2 to via1 in cell user_project_wrapper.
Moving label "ariel_fpga_top_inst.fpga_fabric_inst.horizontal_routing_network_x:2.horizontal_routing_network_y:4.routing_node_right._2_\[38\]" from metal3 to via2 in cell user_project_wrapper.
Moving label "ariel_fpga_top_inst.fpga_fabric_inst.horizontal_routing_network_x:2.horizontal_routing_network_y:7.routing_node_right._2_\[6\]" from metal3 to via2 in cell user_project_wrapper.
Moving label "ariel_fpga_top_inst.fpga_fabric_inst.horizontal_routing_network_x:2.horizontal_routing_network_y:8.routing_node_left._2_\[27\]" from metal3 to via2 in cell user_project_wrapper.
Moving label "ariel_fpga_top_inst.fpga_fabric_inst.vertical_routing_network_x:1.vertical_routing_network_y:1.routing_node_down._2_\[18\]" from metal3 to via2 in cell user_project_wrapper.
Moving label "ariel_fpga_top_inst.fpga_fabric_inst.vertical_routing_network_x:1.vertical_routing_network_y:1.routing_node_up._2_\[31\]" from metal3 to via2 in cell user_project_wrapper.
Moving label "ariel_fpga_top_inst.fpga_fabric_inst.vertical_routing_network_x:1.vertical_routing_network_y:2.left_io.routing_left_io.muxes:4.io_mux._2_\[1\]" from metal3 to via2 in cell user_project_wrapper.
Moving label "ariel_fpga_top_inst.fpga_fabric_inst.vertical_routing_network_x:1.vertical_routing_network_y:2.routing_node_down.node.muxes:5.bufs:1.rnode_in.i" from metal3 to via2 in cell user_project_wrapper.
Moving label "ariel_fpga_top_inst.fpga_fabric_inst.vertical_routing_network_x:1.vertical_routing_network_y:7.left_io.routing_left_io.muxes:1.io_mux._2_\[1\]" from metal5 to via4 in cell user_project_wrapper.
Moving label "ariel_fpga_top_inst.fpga_fabric_inst.vertical_routing_network_x:1.vertical_routing_network_y:7.routing_node_down.node._143_" from metal3 to via2 in cell user_project_wrapper.
Moving label "ariel_fpga_top_inst.fpga_fabric_inst.vertical_routing_network_x:1.vertical_routing_network_y:7.routing_node_up._2_\[37\]" from metal3 to via2 in cell user_project_wrapper.
Moving label "ariel_fpga_top_inst.fpga_fabric_inst.vertical_routing_network_x:2.vertical_routing_network_y:2.routing_node_up._2_\[43\]" from metal2 to via1 in cell user_project_wrapper.
Moving label "ariel_fpga_top_inst.fpga_fabric_inst.vertical_routing_network_x:2.vertical_routing_network_y:3.routing_node_up._2_\[41\]" from metal3 to via2 in cell user_project_wrapper.
Moving label "ariel_fpga_top_inst.fpga_fabric_inst.vertical_routing_network_x:2.vertical_routing_network_y:4.routing_node_up._2_\[25\]" from metal3 to via2 in cell user_project_wrapper.
Moving label "ariel_fpga_top_inst.fpga_fabric_inst.vertical_routing_network_x:2.vertical_routing_network_y:6.routing_node_up._2_\[4\]" from metal3 to via2 in cell user_project_wrapper.
Moving label "ariel_fpga_top_inst.fpga_fabric_inst.vertical_routing_network_x:2.vertical_routing_network_y:7.routing_node_down._2_\[4\]" from metal3 to via2 in cell user_project_wrapper.
Moving label "ariel_fpga_top_inst.fpga_fabric_inst.vertical_routing_network_x:3.vertical_routing_network_y:2.right_io.routing_right_io.muxes:6.io_mux._2_\[1\]" from metal3 to via2 in cell user_project_wrapper.
Moving label "ariel_fpga_top_inst.fpga_fabric_inst.vertical_routing_network_x:3.vertical_routing_network_y:2.routing_node_up._2_\[38\]" from metal3 to via2 in cell user_project_wrapper.
Moving label "ariel_fpga_top_inst.fpga_fabric_inst.vertical_routing_network_x:3.vertical_routing_network_y:3.routing_node_down._2_\[33\]" from metal3 to via2 in cell user_project_wrapper.
Moving label "ariel_fpga_top_inst.fpga_fabric_inst.vertical_routing_network_x:3.vertical_routing_network_y:3.routing_node_down._2_\[45\]" from metal3 to via2 in cell user_project_wrapper.
Moving label "ariel_fpga_top_inst.fpga_fabric_inst.vertical_routing_network_x:3.vertical_routing_network_y:3.routing_node_up._2_\[46\]" from metal3 to via2 in cell user_project_wrapper.
Moving label "ariel_fpga_top_inst.fpga_fabric_inst.vertical_routing_network_x:3.vertical_routing_network_y:4.routing_node_up._2_\[15\]" from metal3 to via2 in cell user_project_wrapper.
Moving label "ariel_fpga_top_inst.fpga_fabric_inst.vertical_routing_network_x:3.vertical_routing_network_y:6.routing_node_up._2_\[32\]" from metal3 to via2 in cell user_project_wrapper.
Moving label "ariel_fpga_top_inst.fpga_fabric_inst.vertical_routing_network_x:3.vertical_routing_network_y:7.routing_node_down._2_\[31\]" from metal3 to via2 in cell user_project_wrapper.
Moving label "ariel_fpga_top_inst.fpga_fabric_inst.vertical_routing_network_x:3.vertical_routing_network_y:7.routing_node_up._2_\[23\]" from metal3 to via2 in cell user_project_wrapper.
Moving label "ariel_fpga_top_inst.fpga_fabric_inst.vertical_routing_network_x:3.vertical_routing_network_y:7.routing_node_up._2_\[47\]" from metal5 to via4 in cell user_project_wrapper.
Moving label "clknet_1_0_0_ariel_fpga_top_inst._19_" from metal5 to via4 in cell user_project_wrapper.
Moving label "clknet_leaf_160_ariel_fpga_top_inst._19_" from metal3 to via2 in cell user_project_wrapper.
Moving label "clknet_leaf_166_ariel_fpga_top_inst._18_" from metal3 to via2 in cell user_project_wrapper.
Moving label "clknet_leaf_194_ariel_fpga_top_inst._18_" from metal2 to via1 in cell user_project_wrapper.
Moving label "clknet_leaf_245_ariel_fpga_top_inst._19_" from metal3 to via2 in cell user_project_wrapper.
Moving label "clknet_leaf_74_ariel_fpga_top_inst._18_" from metal3 to via2 in cell user_project_wrapper.
Moving label "net167" from metal5 to via4 in cell user_project_wrapper.
Moving label "net212" from metal5 to via4 in cell user_project_wrapper.
Moving label "net2321" from metal4 to via3 in cell user_project_wrapper.
Moving label "net351" from metal4 to via3 in cell user_project_wrapper.
Moving label "net488" from metal4 to via3 in cell user_project_wrapper.
Error while reading cell "user_project_wrapper" (byte position 100068308): cell gf180mcu_fd_sc_mcu7t5v0__nand3_2 was used but not defined.
Error while reading cell "user_project_wrapper" (byte position 100068308): cell gf180mcu_fd_sc_mcu7t5v0__oai22_1 was used but not defined.
Error while reading cell "user_project_wrapper" (byte position 100068308): cell gf180mcu_fd_sc_mcu7t5v0__nand3_4 was used but not defined.
Error while reading cell "user_project_wrapper" (byte position 100068308): cell gf180mcu_fd_sc_mcu7t5v0__buf_1 was used but not defined.
Error while reading cell "user_project_wrapper" (byte position 100068308): cell gf180mcu_fd_sc_mcu7t5v0__buf_2 was used but not defined.
Error while reading cell "user_project_wrapper" (byte position 100068308): cell gf180mcu_fd_sc_mcu7t5v0__clkbuf_8 was used but not defined.
Error while reading cell "user_project_wrapper" (byte position 100068308): cell gf180mcu_fd_sc_mcu7t5v0__buf_3 was used but not defined.
Error while reading cell "user_project_wrapper" (byte position 100068308): cell gf180mcu_fd_sc_mcu7t5v0__dlyb_1 was used but not defined.
Error while reading cell "user_project_wrapper" (byte position 100068308): cell gf180mcu_fd_sc_mcu7t5v0__buf_4 was used but not defined.
Error while reading cell "user_project_wrapper" (byte position 100068308): cell gf180mcu_fd_sc_mcu7t5v0__aoi22_1 was used but not defined.
Error while reading cell "user_project_wrapper" (byte position 100068308): cell gf180mcu_fd_sc_mcu7t5v0__clkbuf_20 was used but not defined.
Error while reading cell "user_project_wrapper" (byte position 100068308): cell gf180mcu_fd_sc_mcu7t5v0__endcap was used but not defined.
Error while reading cell "user_project_wrapper" (byte position 100068308): cell gf180mcu_fd_sc_mcu7t5v0__aoi22_2 was used but not defined.
Error while reading cell "user_project_wrapper" (byte position 100068308): cell gf180mcu_fd_sc_mcu7t5v0__fillcap_4 was used but not defined.
Error while reading cell "user_project_wrapper" (byte position 100068308): cell gf180mcu_fd_sc_mcu7t5v0__buf_8 was used but not defined.
Error while reading cell "user_project_wrapper" (byte position 100068308): cell gf180mcu_fd_sc_mcu7t5v0__dffsnq_2 was used but not defined.
Error while reading cell "user_project_wrapper" (byte position 100068308): cell gf180mcu_fd_sc_mcu7t5v0__aoi22_4 was used but not defined.
Error while reading cell "user_project_wrapper" (byte position 100068308): cell gf180mcu_fd_sc_mcu7t5v0__clkbuf_12 was used but not defined.
Error while reading cell "user_project_wrapper" (byte position 100068308): cell gf180mcu_fd_sc_mcu7t5v0__nor3_1 was used but not defined.
Error while reading cell "user_project_wrapper" (byte position 100068308): cell gf180mcu_fd_sc_mcu7t5v0__fillcap_8 was used but not defined.
Error while reading cell "user_project_wrapper" (byte position 100068308): cell gf180mcu_fd_sc_mcu7t5v0__or2_1 was used but not defined.
Error while reading cell "user_project_wrapper" (byte position 100068308): cell gf180mcu_fd_sc_mcu7t5v0__nor3_2 was used but not defined.
Error while reading cell "user_project_wrapper" (byte position 100068308): cell gf180mcu_fd_sc_mcu7t5v0__dffq_1 was used but not defined.
Error while reading cell "user_project_wrapper" (byte position 100068308): cell gf180mcu_fd_sc_mcu7t5v0__or2_2 was used but not defined.
Error while reading cell "user_project_wrapper" (byte position 100068308): cell gf180mcu_fd_sc_mcu7t5v0__fillcap_64 was used but not defined.
Error while reading cell "user_project_wrapper" (byte position 100068308): cell gf180mcu_fd_sc_mcu7t5v0__dffq_2 was used but not defined.
Error while reading cell "user_project_wrapper" (byte position 100068308): cell gf180mcu_fd_sc_mcu7t5v0__buf_20 was used but not defined.
Error while reading cell "user_project_wrapper" (byte position 100068308): cell gf180mcu_fd_sc_mcu7t5v0__fillcap_32 was used but not defined.
Error while reading cell "user_project_wrapper" (byte position 100068308): cell gf180mcu_fd_sc_mcu7t5v0__clkbuf_16 was used but not defined.
Error while reading cell "user_project_wrapper" (byte position 100068308): cell gf180mcu_fd_sc_mcu7t5v0__nor3_4 was used but not defined.
Error while reading cell "user_project_wrapper" (byte position 100068308): cell gf180mcu_fd_sc_mcu7t5v0__and2_1 was used but not defined.
Error while reading cell "user_project_wrapper" (byte position 100068308): cell gf180mcu_fd_sc_mcu7t5v0__buf_12 was used but not defined.
Error while reading cell "user_project_wrapper" (byte position 100068308): cell gf180mcu_fd_sc_mcu7t5v0__nand4_4 was used but not defined.
Error while reading cell "user_project_wrapper" (byte position 100068308): cell gf180mcu_fd_sc_mcu7t5v0__nand2_1 was used but not defined.
Error while reading cell "user_project_wrapper" (byte position 100068308): cell gf180mcu_fd_sc_mcu7t5v0__oai211_1 was used but not defined.
Error while reading cell "user_project_wrapper" (byte position 100068308): cell gf180mcu_fd_sc_mcu7t5v0__aoi211_1 was used but not defined.
Error while reading cell "user_project_wrapper" (byte position 100068308): cell gf180mcu_fd_sc_mcu7t5v0__nand2_2 was used but not defined.
Error while reading cell "user_project_wrapper" (byte position 100068308): cell gf180mcu_fd_sc_mcu7t5v0__aoi211_2 was used but not defined.
Error while reading cell "user_project_wrapper" (byte position 100068308): cell gf180mcu_fd_sc_mcu7t5v0__oai211_2 was used but not defined.
Error while reading cell "user_project_wrapper" (byte position 100068308): cell gf180mcu_fd_sc_mcu7t5v0__dffrnq_1 was used but not defined.
Error while reading cell "user_project_wrapper" (byte position 100068308): cell gf180mcu_fd_sc_mcu7t5v0__fillcap_16 was used but not defined.
Error while reading cell "user_project_wrapper" (byte position 100068308): cell gf180mcu_fd_sc_mcu7t5v0__oai21_1 was used but not defined.
Error while reading cell "user_project_wrapper" (byte position 100068308): cell gf180mcu_fd_sc_mcu7t5v0__fill_1 was used but not defined.
Error while reading cell "user_project_wrapper" (byte position 100068308): cell gf180mcu_fd_sc_mcu7t5v0__buf_16 was used but not defined.
Error while reading cell "user_project_wrapper" (byte position 100068308): cell gf180mcu_fd_sc_mcu7t5v0__dffrnq_2 was used but not defined.
Error while reading cell "user_project_wrapper" (byte position 100068308): cell gf180mcu_fd_sc_mcu7t5v0__nand2_4 was used but not defined.
Error while reading cell "user_project_wrapper" (byte position 100068308): cell gf180mcu_fd_sc_mcu7t5v0__dlyc_1 was used but not defined.
Error while reading cell "user_project_wrapper" (byte position 100068308): cell gf180mcu_fd_sc_mcu7t5v0__oai21_2 was used but not defined.
Error while reading cell "user_project_wrapper" (byte position 100068308): cell gf180mcu_fd_sc_mcu7t5v0__fill_2 was used but not defined.
Error while reading cell "user_project_wrapper" (byte position 100068308): cell gf180mcu_fd_sc_mcu7t5v0__aoi211_4 was used but not defined.
Error while reading cell "user_project_wrapper" (byte position 100068308): cell gf180mcu_fd_sc_mcu7t5v0__oai211_4 was used but not defined.
Error while reading cell "user_project_wrapper" (byte position 100068308): cell gf180mcu_fd_sc_mcu7t5v0__dffrnq_4 was used but not defined.
Error while reading cell "user_project_wrapper" (byte position 100068308): cell gf180mcu_fd_sc_mcu7t5v0__oai21_4 was used but not defined.
Error while reading cell "user_project_wrapper" (byte position 100068308): cell gf180mcu_fd_sc_mcu7t5v0__clkinv_1 was used but not defined.
Error while reading cell "user_project_wrapper" (byte position 100068308): cell gf180mcu_fd_sc_mcu7t5v0__clkinv_2 was used but not defined.
Error while reading cell "user_project_wrapper" (byte position 100068308): cell gf180mcu_fd_sc_mcu7t5v0__antenna was used but not defined.
Error while reading cell "user_project_wrapper" (byte position 100068308): cell gf180mcu_fd_sc_mcu7t5v0__clkinv_3 was used but not defined.
Error while reading cell "user_project_wrapper" (byte position 100068308): cell gf180mcu_fd_sc_mcu7t5v0__aoi21_1 was used but not defined.
Error while reading cell "user_project_wrapper" (byte position 100068308): cell gf180mcu_fd_sc_mcu7t5v0__clkinv_4 was used but not defined.
Error while reading cell "user_project_wrapper" (byte position 100068308): cell gf180mcu_fd_sc_mcu7t5v0__aoi21_2 was used but not defined.
Error while reading cell "user_project_wrapper" (byte position 100068308): cell gf180mcu_fd_sc_mcu7t5v0__inv_1 was used but not defined.
Error while reading cell "user_project_wrapper" (byte position 100068308): cell gf180mcu_fd_sc_mcu7t5v0__aoi21_4 was used but not defined.
Error while reading cell "user_project_wrapper" (byte position 100068308): cell gf180mcu_fd_sc_mcu7t5v0__clkinv_8 was used but not defined.
Error while reading cell "user_project_wrapper" (byte position 100068308): cell gf180mcu_fd_sc_mcu7t5v0__nor2_1 was used but not defined.
Error while reading cell "user_project_wrapper" (byte position 100068308): cell gf180mcu_fd_sc_mcu7t5v0__inv_3 was used but not defined.
Error while reading cell "user_project_wrapper" (byte position 100068308): cell gf180mcu_fd_sc_mcu7t5v0__and3_1 was used but not defined.
Error while reading cell "user_project_wrapper" (byte position 100068308): cell gf180mcu_fd_sc_mcu7t5v0__nor2_2 was used but not defined.
Error while reading cell "user_project_wrapper" (byte position 100068308): cell gf180mcu_fd_sc_mcu7t5v0__filltie was used but not defined.
Error while reading cell "user_project_wrapper" (byte position 100068308): cell gf180mcu_fd_sc_mcu7t5v0__clkbuf_1 was used but not defined.
Error while reading cell "user_project_wrapper" (byte position 100068308): cell gf180mcu_fd_sc_mcu7t5v0__inv_4 was used but not defined.
Error while reading cell "user_project_wrapper" (byte position 100068308): cell gf180mcu_fd_sc_mcu7t5v0__clkbuf_2 was used but not defined.
Error while reading cell "user_project_wrapper" (byte position 100068308): cell gf180mcu_fd_sc_mcu7t5v0__nor2_4 was used but not defined.
Error while reading cell "user_project_wrapper" (byte position 100068308): cell gf180mcu_fd_sc_mcu7t5v0__clkbuf_3 was used but not defined.
Error while reading cell "user_project_wrapper" (byte position 100068308): cell gf180mcu_fd_sc_mcu7t5v0__nand3_1 was used but not defined.
[INFO]: Wrote /home/egor/proj/fpga2/impl/open/designs/user_project_wrapper/runs/RUN_2023.12.06_11.50.11/tmp/signoff/gds_ptrs.mag including GDS pointers.
