
Magic 8.3 revision 453 - Compiled on Ср 06 дек 2023 18:22:37 +06.
Starting magic under Tcl interpreter
Using the terminal as the console.
Using NULL graphics device.
Processing system .magicrc file
Sourcing design .magicrc for technology gf180mcuD ...
10 Magic internal units = 1 Lambda
Input style import: scaleFactor=10, multiplier=2
The following types are not handled by extraction and will be treated as non-electrical types:
    obsactive mvobsactive filldiff fillpoly m1hole obsm1 fillm1 obsv1 m2hole obsm2 fillm2 obsv2 m3hole obsm3 fillm3 m4hole obsm4 fillm4 m5hole obsm5 fillm5 glass fillblock lvstext obscomment 
Scaled tech values by 10 / 1 to match internal grid scaling
Loading gf180mcuD Device Generator Menu ...
Using technology "gf180mcuD", version 1.0.455-1-ge0f692f
Reading LEF data from file /home/egor/.volare/gf180mcuD/libs.ref/gf180mcu_fd_sc_mcu7t5v0/techlef/gf180mcu_fd_sc_mcu7t5v0__nom.tlef.
This action cannot be undone.
LEF read, Line 88 (Message): Unknown keyword "MINWIDTH" in LEF file; ignoring.
LEF read, Line 95 (Message): Unknown keyword "ANTENNAMODEL" in LEF file; ignoring.
LEF read, Line 105 (Message): Unknown keyword "DENSITYCHECKWINDOW" in LEF file; ignoring.
LEF read, Line 106 (Message): Unknown keyword "DENSITYCHECKSTEP" in LEF file; ignoring.
LEF read, Line 120 (Message): Unknown keyword "ARRAYSPACING" in LEF file; ignoring.
LEF read, Line 125 (Message): Unknown keyword "ANTENNAMODEL" in LEF file; ignoring.
LEF read, Line 137 (Message): Unknown keyword "MINWIDTH" in LEF file; ignoring.
LEF read, Line 144 (Message): Unknown keyword "ANTENNAMODEL" in LEF file; ignoring.
LEF read, Line 145 (Message): Unknown keyword "ANTENNADIFFSIDEAREARATIO" in LEF file; ignoring.
LEF read, Line 146 (Message): Unknown keyword "ANTENNAGATEPLUSDIFF" in LEF file; ignoring.
LEF read, Line 155 (Message): Unknown keyword "DENSITYCHECKWINDOW" in LEF file; ignoring.
LEF read, Line 156 (Message): Unknown keyword "DENSITYCHECKSTEP" in LEF file; ignoring.
LEF read, Line 172 (Message): Unknown keyword "ARRAYSPACING" in LEF file; ignoring.
LEF read, Line 177 (Message): Unknown keyword "ANTENNAMODEL" in LEF file; ignoring.
LEF read, Line 189 (Message): Unknown keyword "MINWIDTH" in LEF file; ignoring.
LEF read, Line 196 (Message): Unknown keyword "ANTENNAMODEL" in LEF file; ignoring.
LEF read, Line 197 (Message): Unknown keyword "ANTENNADIFFSIDEAREARATIO" in LEF file; ignoring.
LEF read, Line 198 (Message): Unknown keyword "ANTENNAGATEPLUSDIFF" in LEF file; ignoring.
LEF read, Line 207 (Message): Unknown keyword "DENSITYCHECKWINDOW" in LEF file; ignoring.
LEF read, Line 208 (Message): Unknown keyword "DENSITYCHECKSTEP" in LEF file; ignoring.
LEF read, Line 224 (Message): Unknown keyword "ARRAYSPACING" in LEF file; ignoring.
LEF read, Line 229 (Message): Unknown keyword "ANTENNAMODEL" in LEF file; ignoring.
LEF read, Line 241 (Message): Unknown keyword "MINWIDTH" in LEF file; ignoring.
LEF read, Line 248 (Message): Unknown keyword "ANTENNAMODEL" in LEF file; ignoring.
LEF read, Line 249 (Message): Unknown keyword "ANTENNADIFFSIDEAREARATIO" in LEF file; ignoring.
LEF read, Line 250 (Message): Unknown keyword "ANTENNAGATEPLUSDIFF" in LEF file; ignoring.
LEF read, Line 259 (Message): Unknown keyword "DENSITYCHECKWINDOW" in LEF file; ignoring.
LEF read, Line 260 (Message): Unknown keyword "DENSITYCHECKSTEP" in LEF file; ignoring.
LEF read, Line 276 (Message): Unknown keyword "ARRAYSPACING" in LEF file; ignoring.
LEF read, Line 281 (Message): Unknown keyword "ANTENNAMODEL" in LEF file; ignoring.
LEF read, Line 295 (Message): Unknown keyword "MINWIDTH" in LEF file; ignoring.
LEF read, Line 307 (Message): Unknown keyword "ANTENNAMODEL" in LEF file; ignoring.
LEF read, Line 308 (Message): Unknown keyword "ANTENNADIFFSIDEAREARATIO" in LEF file; ignoring.
LEF read, Line 309 (Message): Unknown keyword "ANTENNAGATEPLUSDIFF" in LEF file; ignoring.
LEF read, Line 314 (Message): Unknown keyword "DENSITYCHECKWINDOW" in LEF file; ignoring.
LEF read, Line 315 (Message): Unknown keyword "DENSITYCHECKSTEP" in LEF file; ignoring.
LEF read: Processed 1319 lines.
Reading LEF data from file /home/egor/proj/fpga/impl/open/best/fpga_struct_block/results/final/lef/fpga_struct_block.lef.
This action cannot be undone.
LEF read: Processed 1693 lines.
Reading LEF data from file /home/egor/proj/fpga/impl/open/best/efuse_ctrl/results/final/lef/efuse_ctrl.lef.
This action cannot be undone.
LEF read: Processed 693 lines.
Reading DEF data from file /home/egor/proj/fpga/impl/open/designs/user_project_wrapper/runs/RUN_2023.12.11_09.23.00/results/routing/user_project_wrapper.def.
This action cannot be undone.
  Processed 8 vias total.
Cell gf180mcu_fd_sc_mcu7t5v0__antenna read from path /home/egor/.volare/gf180mcuD/libs.ref/gf180mcu_fd_sc_mcu7t5v0/maglef
Cell gf180mcu_fd_sc_mcu7t5v0__fill_2 read from path /home/egor/.volare/gf180mcuD/libs.ref/gf180mcu_fd_sc_mcu7t5v0/maglef
Scaled magic input cell gf180mcu_fd_sc_mcu7t5v0__fill_2 geometry by factor of 2
Cell gf180mcu_fd_sc_mcu7t5v0__fill_1 read from path /home/egor/.volare/gf180mcuD/libs.ref/gf180mcu_fd_sc_mcu7t5v0/maglef
Scaled magic input cell gf180mcu_fd_sc_mcu7t5v0__fill_1 geometry by factor of 2
Cell gf180mcu_fd_sc_mcu7t5v0__fillcap_8 read from path /home/egor/.volare/gf180mcuD/libs.ref/gf180mcu_fd_sc_mcu7t5v0/maglef
Cell gf180mcu_fd_sc_mcu7t5v0__fillcap_4 read from path /home/egor/.volare/gf180mcuD/libs.ref/gf180mcu_fd_sc_mcu7t5v0/maglef
Cell gf180mcu_fd_sc_mcu7t5v0__fillcap_16 read from path /home/egor/.volare/gf180mcuD/libs.ref/gf180mcu_fd_sc_mcu7t5v0/maglef
Cell gf180mcu_fd_sc_mcu7t5v0__fillcap_32 read from path /home/egor/.volare/gf180mcuD/libs.ref/gf180mcu_fd_sc_mcu7t5v0/maglef
Cell gf180mcu_fd_sc_mcu7t5v0__fillcap_64 read from path /home/egor/.volare/gf180mcuD/libs.ref/gf180mcu_fd_sc_mcu7t5v0/maglef
Cell gf180mcu_fd_sc_mcu7t5v0__endcap read from path /home/egor/.volare/gf180mcuD/libs.ref/gf180mcu_fd_sc_mcu7t5v0/maglef
Scaled magic input cell gf180mcu_fd_sc_mcu7t5v0__endcap geometry by factor of 2
Cell gf180mcu_fd_sc_mcu7t5v0__filltie read from path /home/egor/.volare/gf180mcuD/libs.ref/gf180mcu_fd_sc_mcu7t5v0/maglef
Cell gf180mcu_fd_sc_mcu7t5v0__clkinv_1 read from path /home/egor/.volare/gf180mcuD/libs.ref/gf180mcu_fd_sc_mcu7t5v0/maglef
Cell gf180mcu_fd_sc_mcu7t5v0__clkbuf_8 read from path /home/egor/.volare/gf180mcuD/libs.ref/gf180mcu_fd_sc_mcu7t5v0/maglef
Cell gf180mcu_fd_sc_mcu7t5v0__nor2_4 read from path /home/egor/.volare/gf180mcuD/libs.ref/gf180mcu_fd_sc_mcu7t5v0/maglef
Cell gf180mcu_fd_sc_mcu7t5v0__nand3_2 read from path /home/egor/.volare/gf180mcuD/libs.ref/gf180mcu_fd_sc_mcu7t5v0/maglef
Cell gf180mcu_fd_sc_mcu7t5v0__and2_2 read from path /home/egor/.volare/gf180mcuD/libs.ref/gf180mcu_fd_sc_mcu7t5v0/maglef
Cell gf180mcu_fd_sc_mcu7t5v0__nor3_4 read from path /home/egor/.volare/gf180mcuD/libs.ref/gf180mcu_fd_sc_mcu7t5v0/maglef
Cell gf180mcu_fd_sc_mcu7t5v0__nand2_4 read from path /home/egor/.volare/gf180mcuD/libs.ref/gf180mcu_fd_sc_mcu7t5v0/maglef
Cell gf180mcu_fd_sc_mcu7t5v0__clkinv_8 read from path /home/egor/.volare/gf180mcuD/libs.ref/gf180mcu_fd_sc_mcu7t5v0/maglef
Cell gf180mcu_fd_sc_mcu7t5v0__clkinv_3 read from path /home/egor/.volare/gf180mcuD/libs.ref/gf180mcu_fd_sc_mcu7t5v0/maglef
Cell gf180mcu_fd_sc_mcu7t5v0__nand4_4 read from path /home/egor/.volare/gf180mcuD/libs.ref/gf180mcu_fd_sc_mcu7t5v0/maglef
Cell gf180mcu_fd_sc_mcu7t5v0__and3_2 read from path /home/egor/.volare/gf180mcuD/libs.ref/gf180mcu_fd_sc_mcu7t5v0/maglef
Cell gf180mcu_fd_sc_mcu7t5v0__and4_1 read from path /home/egor/.volare/gf180mcuD/libs.ref/gf180mcu_fd_sc_mcu7t5v0/maglef
Cell gf180mcu_fd_sc_mcu7t5v0__clkbuf_2 read from path /home/egor/.volare/gf180mcuD/libs.ref/gf180mcu_fd_sc_mcu7t5v0/maglef
Cell gf180mcu_fd_sc_mcu7t5v0__or3_1 read from path /home/egor/.volare/gf180mcuD/libs.ref/gf180mcu_fd_sc_mcu7t5v0/maglef
Cell gf180mcu_fd_sc_mcu7t5v0__or4_1 read from path /home/egor/.volare/gf180mcuD/libs.ref/gf180mcu_fd_sc_mcu7t5v0/maglef
Cell gf180mcu_fd_sc_mcu7t5v0__nand2_1 read from path /home/egor/.volare/gf180mcuD/libs.ref/gf180mcu_fd_sc_mcu7t5v0/maglef
Cell gf180mcu_fd_sc_mcu7t5v0__clkbuf_3 read from path /home/egor/.volare/gf180mcuD/libs.ref/gf180mcu_fd_sc_mcu7t5v0/maglef
Cell gf180mcu_fd_sc_mcu7t5v0__buf_4 read from path /home/egor/.volare/gf180mcuD/libs.ref/gf180mcu_fd_sc_mcu7t5v0/maglef
Cell gf180mcu_fd_sc_mcu7t5v0__nor2_1 read from path /home/egor/.volare/gf180mcuD/libs.ref/gf180mcu_fd_sc_mcu7t5v0/maglef
Cell gf180mcu_fd_sc_mcu7t5v0__nor2_2 read from path /home/egor/.volare/gf180mcuD/libs.ref/gf180mcu_fd_sc_mcu7t5v0/maglef
Cell gf180mcu_fd_sc_mcu7t5v0__oai31_4 read from path /home/egor/.volare/gf180mcuD/libs.ref/gf180mcu_fd_sc_mcu7t5v0/maglef
Cell gf180mcu_fd_sc_mcu7t5v0__buf_3 read from path /home/egor/.volare/gf180mcuD/libs.ref/gf180mcu_fd_sc_mcu7t5v0/maglef
Cell gf180mcu_fd_sc_mcu7t5v0__aoi22_1 read from path /home/egor/.volare/gf180mcuD/libs.ref/gf180mcu_fd_sc_mcu7t5v0/maglef
Cell gf180mcu_fd_sc_mcu7t5v0__buf_2 read from path /home/egor/.volare/gf180mcuD/libs.ref/gf180mcu_fd_sc_mcu7t5v0/maglef
Cell gf180mcu_fd_sc_mcu7t5v0__xnor2_1 read from path /home/egor/.volare/gf180mcuD/libs.ref/gf180mcu_fd_sc_mcu7t5v0/maglef
Cell gf180mcu_fd_sc_mcu7t5v0__xor2_2 read from path /home/egor/.volare/gf180mcuD/libs.ref/gf180mcu_fd_sc_mcu7t5v0/maglef
Cell gf180mcu_fd_sc_mcu7t5v0__aoi21_4 read from path /home/egor/.volare/gf180mcuD/libs.ref/gf180mcu_fd_sc_mcu7t5v0/maglef
Cell gf180mcu_fd_sc_mcu7t5v0__inv_4 read from path /home/egor/.volare/gf180mcuD/libs.ref/gf180mcu_fd_sc_mcu7t5v0/maglef
Cell gf180mcu_fd_sc_mcu7t5v0__nand3_4 read from path /home/egor/.volare/gf180mcuD/libs.ref/gf180mcu_fd_sc_mcu7t5v0/maglef
Cell gf180mcu_fd_sc_mcu7t5v0__nor4_4 read from path /home/egor/.volare/gf180mcuD/libs.ref/gf180mcu_fd_sc_mcu7t5v0/maglef
Cell gf180mcu_fd_sc_mcu7t5v0__nand3_1 read from path /home/egor/.volare/gf180mcuD/libs.ref/gf180mcu_fd_sc_mcu7t5v0/maglef
Cell gf180mcu_fd_sc_mcu7t5v0__and2_4 read from path /home/egor/.volare/gf180mcuD/libs.ref/gf180mcu_fd_sc_mcu7t5v0/maglef
Cell gf180mcu_fd_sc_mcu7t5v0__inv_2 read from path /home/egor/.volare/gf180mcuD/libs.ref/gf180mcu_fd_sc_mcu7t5v0/maglef
Cell gf180mcu_fd_sc_mcu7t5v0__aoi21_1 read from path /home/egor/.volare/gf180mcuD/libs.ref/gf180mcu_fd_sc_mcu7t5v0/maglef
Cell gf180mcu_fd_sc_mcu7t5v0__and3_4 read from path /home/egor/.volare/gf180mcuD/libs.ref/gf180mcu_fd_sc_mcu7t5v0/maglef
Cell gf180mcu_fd_sc_mcu7t5v0__oai21_1 read from path /home/egor/.volare/gf180mcuD/libs.ref/gf180mcu_fd_sc_mcu7t5v0/maglef
Cell gf180mcu_fd_sc_mcu7t5v0__clkinv_2 read from path /home/egor/.volare/gf180mcuD/libs.ref/gf180mcu_fd_sc_mcu7t5v0/maglef
Cell gf180mcu_fd_sc_mcu7t5v0__nor3_2 read from path /home/egor/.volare/gf180mcuD/libs.ref/gf180mcu_fd_sc_mcu7t5v0/maglef
Cell gf180mcu_fd_sc_mcu7t5v0__mux2_2 read from path /home/egor/.volare/gf180mcuD/libs.ref/gf180mcu_fd_sc_mcu7t5v0/maglef
Cell gf180mcu_fd_sc_mcu7t5v0__clkbuf_1 read from path /home/egor/.volare/gf180mcuD/libs.ref/gf180mcu_fd_sc_mcu7t5v0/maglef
Cell gf180mcu_fd_sc_mcu7t5v0__buf_16 read from path /home/egor/.volare/gf180mcuD/libs.ref/gf180mcu_fd_sc_mcu7t5v0/maglef
Cell gf180mcu_fd_sc_mcu7t5v0__clkinv_16 read from path /home/egor/.volare/gf180mcuD/libs.ref/gf180mcu_fd_sc_mcu7t5v0/maglef
Cell gf180mcu_fd_sc_mcu7t5v0__nand2_2 read from path /home/egor/.volare/gf180mcuD/libs.ref/gf180mcu_fd_sc_mcu7t5v0/maglef
Cell gf180mcu_fd_sc_mcu7t5v0__aoi222_2 read from path /home/egor/.volare/gf180mcuD/libs.ref/gf180mcu_fd_sc_mcu7t5v0/maglef
Cell gf180mcu_fd_sc_mcu7t5v0__and2_1 read from path /home/egor/.volare/gf180mcuD/libs.ref/gf180mcu_fd_sc_mcu7t5v0/maglef
Cell gf180mcu_fd_sc_mcu7t5v0__nand4_2 read from path /home/egor/.volare/gf180mcuD/libs.ref/gf180mcu_fd_sc_mcu7t5v0/maglef
Cell gf180mcu_fd_sc_mcu7t5v0__oai211_4 read from path /home/egor/.volare/gf180mcuD/libs.ref/gf180mcu_fd_sc_mcu7t5v0/maglef
Cell gf180mcu_fd_sc_mcu7t5v0__xor2_1 read from path /home/egor/.volare/gf180mcuD/libs.ref/gf180mcu_fd_sc_mcu7t5v0/maglef
Cell gf180mcu_fd_sc_mcu7t5v0__buf_8 read from path /home/egor/.volare/gf180mcuD/libs.ref/gf180mcu_fd_sc_mcu7t5v0/maglef
Cell gf180mcu_fd_sc_mcu7t5v0__clkinv_4 read from path /home/egor/.volare/gf180mcuD/libs.ref/gf180mcu_fd_sc_mcu7t5v0/maglef
Cell gf180mcu_fd_sc_mcu7t5v0__oai21_2 read from path /home/egor/.volare/gf180mcuD/libs.ref/gf180mcu_fd_sc_mcu7t5v0/maglef
Cell gf180mcu_fd_sc_mcu7t5v0__aoi21_2 read from path /home/egor/.volare/gf180mcuD/libs.ref/gf180mcu_fd_sc_mcu7t5v0/maglef
Cell gf180mcu_fd_sc_mcu7t5v0__oai31_1 read from path /home/egor/.volare/gf180mcuD/libs.ref/gf180mcu_fd_sc_mcu7t5v0/maglef
Cell gf180mcu_fd_sc_mcu7t5v0__oai22_2 read from path /home/egor/.volare/gf180mcuD/libs.ref/gf180mcu_fd_sc_mcu7t5v0/maglef
Cell gf180mcu_fd_sc_mcu7t5v0__aoi221_1 read from path /home/egor/.volare/gf180mcuD/libs.ref/gf180mcu_fd_sc_mcu7t5v0/maglef
Cell gf180mcu_fd_sc_mcu7t5v0__oai221_4 read from path /home/egor/.volare/gf180mcuD/libs.ref/gf180mcu_fd_sc_mcu7t5v0/maglef
Cell gf180mcu_fd_sc_mcu7t5v0__or2_1 read from path /home/egor/.volare/gf180mcuD/libs.ref/gf180mcu_fd_sc_mcu7t5v0/maglef
Cell gf180mcu_fd_sc_mcu7t5v0__and3_1 read from path /home/egor/.volare/gf180mcuD/libs.ref/gf180mcu_fd_sc_mcu7t5v0/maglef
Cell gf180mcu_fd_sc_mcu7t5v0__oai31_2 read from path /home/egor/.volare/gf180mcuD/libs.ref/gf180mcu_fd_sc_mcu7t5v0/maglef
Cell gf180mcu_fd_sc_mcu7t5v0__aoi211_2 read from path /home/egor/.volare/gf180mcuD/libs.ref/gf180mcu_fd_sc_mcu7t5v0/maglef
Cell gf180mcu_fd_sc_mcu7t5v0__nand4_1 read from path /home/egor/.volare/gf180mcuD/libs.ref/gf180mcu_fd_sc_mcu7t5v0/maglef
Cell gf180mcu_fd_sc_mcu7t5v0__oai211_2 read from path /home/egor/.volare/gf180mcuD/libs.ref/gf180mcu_fd_sc_mcu7t5v0/maglef
Cell gf180mcu_fd_sc_mcu7t5v0__mux4_4 read from path /home/egor/.volare/gf180mcuD/libs.ref/gf180mcu_fd_sc_mcu7t5v0/maglef
Cell gf180mcu_fd_sc_mcu7t5v0__aoi221_4 read from path /home/egor/.volare/gf180mcuD/libs.ref/gf180mcu_fd_sc_mcu7t5v0/maglef
Cell gf180mcu_fd_sc_mcu7t5v0__aoi211_4 read from path /home/egor/.volare/gf180mcuD/libs.ref/gf180mcu_fd_sc_mcu7t5v0/maglef
Cell gf180mcu_fd_sc_mcu7t5v0__inv_1 read from path /home/egor/.volare/gf180mcuD/libs.ref/gf180mcu_fd_sc_mcu7t5v0/maglef
Cell gf180mcu_fd_sc_mcu7t5v0__aoi211_1 read from path /home/egor/.volare/gf180mcuD/libs.ref/gf180mcu_fd_sc_mcu7t5v0/maglef
Cell gf180mcu_fd_sc_mcu7t5v0__nor4_2 read from path /home/egor/.volare/gf180mcuD/libs.ref/gf180mcu_fd_sc_mcu7t5v0/maglef
Cell gf180mcu_fd_sc_mcu7t5v0__oai221_1 read from path /home/egor/.volare/gf180mcuD/libs.ref/gf180mcu_fd_sc_mcu7t5v0/maglef
Cell gf180mcu_fd_sc_mcu7t5v0__or4_2 read from path /home/egor/.volare/gf180mcuD/libs.ref/gf180mcu_fd_sc_mcu7t5v0/maglef
Cell gf180mcu_fd_sc_mcu7t5v0__mux4_2 read from path /home/egor/.volare/gf180mcuD/libs.ref/gf180mcu_fd_sc_mcu7t5v0/maglef
Cell gf180mcu_fd_sc_mcu7t5v0__mux4_1 read from path /home/egor/.volare/gf180mcuD/libs.ref/gf180mcu_fd_sc_mcu7t5v0/maglef
Cell gf180mcu_fd_sc_mcu7t5v0__or2_2 read from path /home/egor/.volare/gf180mcuD/libs.ref/gf180mcu_fd_sc_mcu7t5v0/maglef
Cell gf180mcu_fd_sc_mcu7t5v0__oai211_1 read from path /home/egor/.volare/gf180mcuD/libs.ref/gf180mcu_fd_sc_mcu7t5v0/maglef
Cell gf180mcu_fd_sc_mcu7t5v0__nor3_1 read from path /home/egor/.volare/gf180mcuD/libs.ref/gf180mcu_fd_sc_mcu7t5v0/maglef
Cell gf180mcu_fd_sc_mcu7t5v0__clkbuf_4 read from path /home/egor/.volare/gf180mcuD/libs.ref/gf180mcu_fd_sc_mcu7t5v0/maglef
Cell gf180mcu_fd_sc_mcu7t5v0__oai22_1 read from path /home/egor/.volare/gf180mcuD/libs.ref/gf180mcu_fd_sc_mcu7t5v0/maglef
Cell gf180mcu_fd_sc_mcu7t5v0__aoi22_2 read from path /home/egor/.volare/gf180mcuD/libs.ref/gf180mcu_fd_sc_mcu7t5v0/maglef
Cell gf180mcu_fd_sc_mcu7t5v0__aoi22_4 read from path /home/egor/.volare/gf180mcuD/libs.ref/gf180mcu_fd_sc_mcu7t5v0/maglef
Cell gf180mcu_fd_sc_mcu7t5v0__aoi221_2 read from path /home/egor/.volare/gf180mcuD/libs.ref/gf180mcu_fd_sc_mcu7t5v0/maglef
Cell gf180mcu_fd_sc_mcu7t5v0__aoi222_4 read from path /home/egor/.volare/gf180mcuD/libs.ref/gf180mcu_fd_sc_mcu7t5v0/maglef
Cell gf180mcu_fd_sc_mcu7t5v0__xnor2_2 read from path /home/egor/.volare/gf180mcuD/libs.ref/gf180mcu_fd_sc_mcu7t5v0/maglef
Cell gf180mcu_fd_sc_mcu7t5v0__oai21_4 read from path /home/egor/.volare/gf180mcuD/libs.ref/gf180mcu_fd_sc_mcu7t5v0/maglef
Cell gf180mcu_fd_sc_mcu7t5v0__oai221_2 read from path /home/egor/.volare/gf180mcuD/libs.ref/gf180mcu_fd_sc_mcu7t5v0/maglef
Cell gf180mcu_fd_sc_mcu7t5v0__and4_2 read from path /home/egor/.volare/gf180mcuD/libs.ref/gf180mcu_fd_sc_mcu7t5v0/maglef
Cell gf180mcu_fd_sc_mcu7t5v0__buf_20 read from path /home/egor/.volare/gf180mcuD/libs.ref/gf180mcu_fd_sc_mcu7t5v0/maglef
Cell gf180mcu_fd_sc_mcu7t5v0__or2_4 read from path /home/egor/.volare/gf180mcuD/libs.ref/gf180mcu_fd_sc_mcu7t5v0/maglef
Cell gf180mcu_fd_sc_mcu7t5v0__clkbuf_12 read from path /home/egor/.volare/gf180mcuD/libs.ref/gf180mcu_fd_sc_mcu7t5v0/maglef
Cell gf180mcu_fd_sc_mcu7t5v0__dffq_1 read from path /home/egor/.volare/gf180mcuD/libs.ref/gf180mcu_fd_sc_mcu7t5v0/maglef
Cell gf180mcu_fd_sc_mcu7t5v0__dffq_2 read from path /home/egor/.volare/gf180mcuD/libs.ref/gf180mcu_fd_sc_mcu7t5v0/maglef
Cell gf180mcu_fd_sc_mcu7t5v0__dffq_4 read from path /home/egor/.volare/gf180mcuD/libs.ref/gf180mcu_fd_sc_mcu7t5v0/maglef
Cell gf180mcu_fd_sc_mcu7t5v0__dffrnq_1 read from path /home/egor/.volare/gf180mcuD/libs.ref/gf180mcu_fd_sc_mcu7t5v0/maglef
Cell gf180mcu_fd_sc_mcu7t5v0__dffrnq_4 read from path /home/egor/.volare/gf180mcuD/libs.ref/gf180mcu_fd_sc_mcu7t5v0/maglef
Cell gf180mcu_fd_sc_mcu7t5v0__tieh read from path /home/egor/.volare/gf180mcuD/libs.ref/gf180mcu_fd_sc_mcu7t5v0/maglef
Cell gf180mcu_fd_sc_mcu7t5v0__dffrnq_2 read from path /home/egor/.volare/gf180mcuD/libs.ref/gf180mcu_fd_sc_mcu7t5v0/maglef
Cell gf180mcu_fd_sc_mcu7t5v0__dffsnq_4 read from path /home/egor/.volare/gf180mcuD/libs.ref/gf180mcu_fd_sc_mcu7t5v0/maglef
Cell gf180mcu_fd_sc_mcu7t5v0__dffsnq_1 read from path /home/egor/.volare/gf180mcuD/libs.ref/gf180mcu_fd_sc_mcu7t5v0/maglef
Cell gf180mcu_fd_sc_mcu7t5v0__dffsnq_2 read from path /home/egor/.volare/gf180mcuD/libs.ref/gf180mcu_fd_sc_mcu7t5v0/maglef
Cell gf180mcu_fd_sc_mcu7t5v0__tiel read from path /home/egor/.volare/gf180mcuD/libs.ref/gf180mcu_fd_sc_mcu7t5v0/maglef
Cell gf180mcu_fd_sc_mcu7t5v0__buf_1 read from path /home/egor/.volare/gf180mcuD/libs.ref/gf180mcu_fd_sc_mcu7t5v0/maglef
Cell gf180mcu_fd_sc_mcu7t5v0__buf_12 read from path /home/egor/.volare/gf180mcuD/libs.ref/gf180mcu_fd_sc_mcu7t5v0/maglef
Cell gf180mcu_fd_sc_mcu7t5v0__clkbuf_16 read from path /home/egor/.volare/gf180mcuD/libs.ref/gf180mcu_fd_sc_mcu7t5v0/maglef
Cell gf180mcu_fd_sc_mcu7t5v0__dlyb_1 read from path /home/egor/.volare/gf180mcuD/libs.ref/gf180mcu_fd_sc_mcu7t5v0/maglef
Cell gf180mcu_fd_sc_mcu7t5v0__dlyc_1 read from path /home/egor/.volare/gf180mcuD/libs.ref/gf180mcu_fd_sc_mcu7t5v0/maglef
  Processed 133140 subcell instances total.
  Processed 418 pins total.
  Processed 2 special nets total.
  Processed 32292 nets total.
DEF read: Processed 689318 lines.
Moving label "_01411_" from metal2 to via2 in cell user_project_wrapper.
Moving label "_02360_" from metal2 to via2 in cell user_project_wrapper.
Moving label "_02759_" from metal3 to via2 in cell user_project_wrapper.
Moving label "_04173_" from metal2 to via2 in cell user_project_wrapper.
Moving label "_04859_" from metal2 to via2 in cell user_project_wrapper.
Moving label "_06014_" from metal2 to via2 in cell user_project_wrapper.
Moving label "_06707_" from metal3 to via2 in cell user_project_wrapper.
Moving label "_06840_" from metal2 to via2 in cell user_project_wrapper.
Moving label "_07456_" from metal2 to via2 in cell user_project_wrapper.
Moving label "_07477_" from metal2 to via2 in cell user_project_wrapper.
Moving label "_07757_" from metal3 to via2 in cell user_project_wrapper.
Moving label "_07834_" from metal2 to via2 in cell user_project_wrapper.
Moving label "_08492_" from metal2 to via2 in cell user_project_wrapper.
Moving label "_08527_" from metal2 to via2 in cell user_project_wrapper.
Moving label "_09059_" from metal2 to via1 in cell user_project_wrapper.
Moving label "ariel_fpga_top_inst._16_\[202\]" from metal2 to via2 in cell user_project_wrapper.
Moving label "ariel_fpga_top_inst._16_\[272\]" from metal2 to via2 in cell user_project_wrapper.
Moving label "ariel_fpga_top_inst._37_\[0\]" from metal4 to via4 in cell user_project_wrapper.
Moving label "ariel_fpga_top_inst.fpga_fabric_inst.horizontal_routing_network_x:1.horizontal_routing_network_y:1.routing_node_left._2_\[41\]" from metal2 to via2 in cell user_project_wrapper.
Moving label "ariel_fpga_top_inst.fpga_fabric_inst.horizontal_routing_network_x:1.horizontal_routing_network_y:1.routing_node_right._2_\[23\]" from metal3 to via2 in cell user_project_wrapper.
Moving label "ariel_fpga_top_inst.fpga_fabric_inst.horizontal_routing_network_x:1.horizontal_routing_network_y:1.routing_node_right.node.muxes:4.bufs:6.rnode_in.i" from metal4 to via3 in cell user_project_wrapper.
Moving label "ariel_fpga_top_inst.fpga_fabric_inst.horizontal_routing_network_x:1.horizontal_routing_network_y:2.routing_node_left.node.muxes:7.bufs:7.rnode_in.i" from metal2 to via2 in cell user_project_wrapper.
Moving label "ariel_fpga_top_inst.fpga_fabric_inst.horizontal_routing_network_x:1.horizontal_routing_network_y:2.routing_node_right.node.muxes:6.bufs:6.rnode_in.i" from metal4 to via4 in cell user_project_wrapper.
Moving label "ariel_fpga_top_inst.fpga_fabric_inst.horizontal_routing_network_x:1.horizontal_routing_network_y:3.routing_node_left.node.muxes:11.bufs:6.rnode_in.i" from metal4 to via3 in cell user_project_wrapper.
Moving label "ariel_fpga_top_inst.fpga_fabric_inst.horizontal_routing_network_x:1.horizontal_routing_network_y:4.routing_node_left.node.muxes:14.bufs:5.rnode_in.i" from metal4 to via3 in cell user_project_wrapper.
Moving label "ariel_fpga_top_inst.fpga_fabric_inst.horizontal_routing_network_x:1.horizontal_routing_network_y:5.routing_node_left._2_\[23\]" from metal3 to via2 in cell user_project_wrapper.
Moving label "ariel_fpga_top_inst.fpga_fabric_inst.horizontal_routing_network_x:1.horizontal_routing_network_y:5.routing_node_right._2_\[31\]" from metal2 to via2 in cell user_project_wrapper.
Moving label "ariel_fpga_top_inst.fpga_fabric_inst.horizontal_routing_network_x:1.horizontal_routing_network_y:5.routing_node_right._2_\[43\]" from metal2 to via2 in cell user_project_wrapper.
Moving label "ariel_fpga_top_inst.fpga_fabric_inst.horizontal_routing_network_x:1.horizontal_routing_network_y:6.routing_node_left._2_\[26\]" from metal3 to via2 in cell user_project_wrapper.
Moving label "ariel_fpga_top_inst.fpga_fabric_inst.horizontal_routing_network_x:1.horizontal_routing_network_y:6.routing_node_right._2_\[23\]" from metal3 to via2 in cell user_project_wrapper.
Moving label "ariel_fpga_top_inst.fpga_fabric_inst.horizontal_routing_network_x:1.horizontal_routing_network_y:8.routing_node_left.node.muxes:16.bufs:6.rnode_in.i" from metal4 to via4 in cell user_project_wrapper.
Moving label "ariel_fpga_top_inst.fpga_fabric_inst.horizontal_routing_network_x:2.horizontal_routing_network_y:2.routing_node_right._2_\[11\]" from metal3 to via2 in cell user_project_wrapper.
Moving label "ariel_fpga_top_inst.fpga_fabric_inst.horizontal_routing_network_x:2.horizontal_routing_network_y:3.routing_node_left._2_\[31\]" from metal2 to via2 in cell user_project_wrapper.
Moving label "ariel_fpga_top_inst.fpga_fabric_inst.horizontal_routing_network_x:2.horizontal_routing_network_y:3.routing_node_right.node._065_" from metal4 to via4 in cell user_project_wrapper.
Moving label "ariel_fpga_top_inst.fpga_fabric_inst.horizontal_routing_network_x:2.horizontal_routing_network_y:4.routing_node_right.node._021_" from metal4 to via3 in cell user_project_wrapper.
Moving label "ariel_fpga_top_inst.fpga_fabric_inst.horizontal_routing_network_x:2.horizontal_routing_network_y:5.routing_node_right._2_\[23\]" from metal3 to via2 in cell user_project_wrapper.
Moving label "ariel_fpga_top_inst.fpga_fabric_inst.horizontal_routing_network_x:2.horizontal_routing_network_y:8.routing_node_left.node.muxes:3.bufs:1.rnode_in.i" from metal4 to via4 in cell user_project_wrapper.
Moving label "ariel_fpga_top_inst.fpga_fabric_inst.horizontal_routing_network_x:2.horizontal_routing_network_y:8.routing_node_right._2_\[24\]" from metal3 to via2 in cell user_project_wrapper.
Moving label "ariel_fpga_top_inst.fpga_fabric_inst.horizontal_routing_network_x:2.horizontal_routing_network_y:8.routing_node_right.node._043_" from metal4 to via3 in cell user_project_wrapper.
Moving label "ariel_fpga_top_inst.fpga_fabric_inst.horizontal_routing_network_x:2.horizontal_routing_network_y:8.routing_node_right.node._149_" from metal4 to via4 in cell user_project_wrapper.
Moving label "ariel_fpga_top_inst.fpga_fabric_inst.vertical_routing_network_x:1.vertical_routing_network_y:1.routing_node_down._2_\[45\]" from metal3 to via2 in cell user_project_wrapper.
Moving label "ariel_fpga_top_inst.fpga_fabric_inst.vertical_routing_network_x:1.vertical_routing_network_y:1.routing_node_up._2_\[20\]" from metal3 to via2 in cell user_project_wrapper.
Moving label "ariel_fpga_top_inst.fpga_fabric_inst.vertical_routing_network_x:1.vertical_routing_network_y:3.routing_node_down.node.muxes:3.bufs:1.rnode_in.i" from metal4 to via4 in cell user_project_wrapper.
Moving label "ariel_fpga_top_inst.fpga_fabric_inst.vertical_routing_network_x:1.vertical_routing_network_y:4.routing_node_up._2_\[22\]" from metal2 to via2 in cell user_project_wrapper.
Moving label "ariel_fpga_top_inst.fpga_fabric_inst.vertical_routing_network_x:1.vertical_routing_network_y:5.routing_node_up._2_\[46\]" from metal3 to via2 in cell user_project_wrapper.
Moving label "ariel_fpga_top_inst.fpga_fabric_inst.vertical_routing_network_x:1.vertical_routing_network_y:6.routing_node_up._2_\[29\]" from metal2 to via2 in cell user_project_wrapper.
Moving label "ariel_fpga_top_inst.fpga_fabric_inst.vertical_routing_network_x:1.vertical_routing_network_y:6.routing_node_up._2_\[36\]" from metal2 to via2 in cell user_project_wrapper.
Moving label "ariel_fpga_top_inst.fpga_fabric_inst.vertical_routing_network_x:2.vertical_routing_network_y:1.routing_node_down._2_\[1\]" from metal2 to via2 in cell user_project_wrapper.
Moving label "ariel_fpga_top_inst.fpga_fabric_inst.vertical_routing_network_x:2.vertical_routing_network_y:2.routing_node_down._2_\[26\]" from metal3 to via2 in cell user_project_wrapper.
Moving label "ariel_fpga_top_inst.fpga_fabric_inst.vertical_routing_network_x:2.vertical_routing_network_y:2.routing_node_down._2_\[45\]" from metal2 to via2 in cell user_project_wrapper.
Moving label "ariel_fpga_top_inst.fpga_fabric_inst.vertical_routing_network_x:2.vertical_routing_network_y:5.routing_node_up._2_\[9\]" from metal2 to via2 in cell user_project_wrapper.
Moving label "ariel_fpga_top_inst.fpga_fabric_inst.vertical_routing_network_x:2.vertical_routing_network_y:6.routing_node_up._2_\[2\]" from metal2 to via2 in cell user_project_wrapper.
Moving label "ariel_fpga_top_inst.fpga_fabric_inst.vertical_routing_network_x:2.vertical_routing_network_y:7.routing_node_up._2_\[33\]" from metal2 to via2 in cell user_project_wrapper.
Moving label "ariel_fpga_top_inst.fpga_fabric_inst.vertical_routing_network_x:2.vertical_routing_network_y:7.routing_node_up.node._066_" from metal2 to via1 in cell user_project_wrapper.
Moving label "ariel_fpga_top_inst.fpga_fabric_inst.vertical_routing_network_x:3.vertical_routing_network_y:1.routing_node_up._2_\[35\]" from metal2 to via2 in cell user_project_wrapper.
Moving label "ariel_fpga_top_inst.fpga_fabric_inst.vertical_routing_network_x:3.vertical_routing_network_y:1.routing_node_up.node._047_" from metal2 to via1 in cell user_project_wrapper.
Moving label "ariel_fpga_top_inst.fpga_fabric_inst.vertical_routing_network_x:3.vertical_routing_network_y:3.routing_node_up._2_\[15\]" from metal3 to via2 in cell user_project_wrapper.
Moving label "ariel_fpga_top_inst.fpga_fabric_inst.vertical_routing_network_x:3.vertical_routing_network_y:5.right_io.routing_right_io.muxes:8.io_mux._2_\[1\]" from metal4 to via4 in cell user_project_wrapper.
Moving label "ariel_fpga_top_inst.fpga_fabric_inst.vertical_routing_network_x:3.vertical_routing_network_y:5.routing_node_down._2_\[17\]" from metal3 to via2 in cell user_project_wrapper.
Moving label "ariel_fpga_top_inst.fpga_fabric_inst.vertical_routing_network_x:3.vertical_routing_network_y:7.routing_node_up._2_\[44\]" from metal2 to via2 in cell user_project_wrapper.
Moving label "clknet_2_2_0_ariel_fpga_top_inst._41_" from metal4 to via4 in cell user_project_wrapper.
Moving label "clknet_5_31_0_ariel_fpga_top_inst._42_" from metal4 to via3 in cell user_project_wrapper.
Moving label "clknet_leaf_239_ariel_fpga_top_inst._41_" from metal2 to via2 in cell user_project_wrapper.
Moving label "clknet_leaf_307_ariel_fpga_top_inst._41_" from metal2 to via2 in cell user_project_wrapper.
Moving label "clknet_leaf_341_ariel_fpga_top_inst._41_" from metal2 to via2 in cell user_project_wrapper.
Moving label "clknet_leaf_53_wb_clk_i" from metal2 to via2 in cell user_project_wrapper.
Moving label "clknet_leaf_589_ariel_fpga_top_inst._41_" from metal2 to via2 in cell user_project_wrapper.
Moving label "clknet_leaf_58_wb_clk_i" from metal2 to via2 in cell user_project_wrapper.
Moving label "net1" from metal4 to via4 in cell user_project_wrapper.
Moving label "net2395" from metal4 to via3 in cell user_project_wrapper.
Moving label "net2444" from metal4 to via4 in cell user_project_wrapper.
Moving label "net2446" from metal4 to via4 in cell user_project_wrapper.
Moving label "net2454" from metal4 to via4 in cell user_project_wrapper.
Moving label "net28" from metal4 to via4 in cell user_project_wrapper.
Moving label "net376" from metal3 to via2 in cell user_project_wrapper.
Moving label "net447" from metal3 to via2 in cell user_project_wrapper.
Moving label "net592" from metal2 to via2 in cell user_project_wrapper.
Moving label "net83" from metal4 to via4 in cell user_project_wrapper.
Processing user_project_wrapper
Extracting gf180mcu_fd_sc_mcu7t5v0__filltie into gf180mcu_fd_sc_mcu7t5v0__filltie.ext:
Extracting gf180mcu_fd_sc_mcu7t5v0__endcap into gf180mcu_fd_sc_mcu7t5v0__endcap.ext:
Extracting gf180mcu_fd_sc_mcu7t5v0__fillcap_64 into gf180mcu_fd_sc_mcu7t5v0__fillcap_64.ext:
Extracting gf180mcu_fd_sc_mcu7t5v0__fillcap_32 into gf180mcu_fd_sc_mcu7t5v0__fillcap_32.ext:
Extracting gf180mcu_fd_sc_mcu7t5v0__antenna into gf180mcu_fd_sc_mcu7t5v0__antenna.ext:
Extracting gf180mcu_fd_sc_mcu7t5v0__fillcap_4 into gf180mcu_fd_sc_mcu7t5v0__fillcap_4.ext:
Extracting gf180mcu_fd_sc_mcu7t5v0__fillcap_16 into gf180mcu_fd_sc_mcu7t5v0__fillcap_16.ext:
Extracting gf180mcu_fd_sc_mcu7t5v0__fillcap_8 into gf180mcu_fd_sc_mcu7t5v0__fillcap_8.ext:
Extracting gf180mcu_fd_sc_mcu7t5v0__fill_2 into gf180mcu_fd_sc_mcu7t5v0__fill_2.ext:
Extracting gf180mcu_fd_sc_mcu7t5v0__fill_1 into gf180mcu_fd_sc_mcu7t5v0__fill_1.ext:
Extracting gf180mcu_fd_sc_mcu7t5v0__buf_3 into gf180mcu_fd_sc_mcu7t5v0__buf_3.ext:
Extracting gf180mcu_fd_sc_mcu7t5v0__buf_12 into gf180mcu_fd_sc_mcu7t5v0__buf_12.ext:
Extracting gf180mcu_fd_sc_mcu7t5v0__dlyb_1 into gf180mcu_fd_sc_mcu7t5v0__dlyb_1.ext:
Extracting gf180mcu_fd_sc_mcu7t5v0__buf_4 into gf180mcu_fd_sc_mcu7t5v0__buf_4.ext:
Extracting gf180mcu_fd_sc_mcu7t5v0__clkbuf_8 into gf180mcu_fd_sc_mcu7t5v0__clkbuf_8.ext:
Extracting gf180mcu_fd_sc_mcu7t5v0__dffq_1 into gf180mcu_fd_sc_mcu7t5v0__dffq_1.ext:
Extracting gf180mcu_fd_sc_mcu7t5v0__buf_1 into gf180mcu_fd_sc_mcu7t5v0__buf_1.ext:
Extracting gf180mcu_fd_sc_mcu7t5v0__tiel into gf180mcu_fd_sc_mcu7t5v0__tiel.ext:
Extracting gf180mcu_fd_sc_mcu7t5v0__clkbuf_16 into gf180mcu_fd_sc_mcu7t5v0__clkbuf_16.ext:
Extracting gf180mcu_fd_sc_mcu7t5v0__tieh into gf180mcu_fd_sc_mcu7t5v0__tieh.ext:
Extracting gf180mcu_fd_sc_mcu7t5v0__oai21_1 into gf180mcu_fd_sc_mcu7t5v0__oai21_1.ext:
Extracting gf180mcu_fd_sc_mcu7t5v0__or2_1 into gf180mcu_fd_sc_mcu7t5v0__or2_1.ext:
Extracting gf180mcu_fd_sc_mcu7t5v0__clkinv_1 into gf180mcu_fd_sc_mcu7t5v0__clkinv_1.ext:
Extracting gf180mcu_fd_sc_mcu7t5v0__clkbuf_1 into gf180mcu_fd_sc_mcu7t5v0__clkbuf_1.ext:
Extracting gf180mcu_fd_sc_mcu7t5v0__oai211_1 into gf180mcu_fd_sc_mcu7t5v0__oai211_1.ext:
Extracting gf180mcu_fd_sc_mcu7t5v0__nand3_1 into gf180mcu_fd_sc_mcu7t5v0__nand3_1.ext:
Extracting gf180mcu_fd_sc_mcu7t5v0__mux4_1 into gf180mcu_fd_sc_mcu7t5v0__mux4_1.ext:
Extracting gf180mcu_fd_sc_mcu7t5v0__buf_8 into gf180mcu_fd_sc_mcu7t5v0__buf_8.ext:
Extracting gf180mcu_fd_sc_mcu7t5v0__buf_2 into gf180mcu_fd_sc_mcu7t5v0__buf_2.ext:
Extracting gf180mcu_fd_sc_mcu7t5v0__dffq_2 into gf180mcu_fd_sc_mcu7t5v0__dffq_2.ext:
Extracting gf180mcu_fd_sc_mcu7t5v0__clkbuf_4 into gf180mcu_fd_sc_mcu7t5v0__clkbuf_4.ext:
Extracting fpga_struct_block into fpga_struct_block.ext:
Extracting gf180mcu_fd_sc_mcu7t5v0__clkbuf_2 into gf180mcu_fd_sc_mcu7t5v0__clkbuf_2.ext:
Extracting gf180mcu_fd_sc_mcu7t5v0__clkbuf_12 into gf180mcu_fd_sc_mcu7t5v0__clkbuf_12.ext:
Extracting gf180mcu_fd_sc_mcu7t5v0__nand2_4 into gf180mcu_fd_sc_mcu7t5v0__nand2_4.ext:
Extracting gf180mcu_fd_sc_mcu7t5v0__nand2_2 into gf180mcu_fd_sc_mcu7t5v0__nand2_2.ext:
Extracting gf180mcu_fd_sc_mcu7t5v0__and2_2 into gf180mcu_fd_sc_mcu7t5v0__and2_2.ext:
Extracting gf180mcu_fd_sc_mcu7t5v0__nor4_4 into gf180mcu_fd_sc_mcu7t5v0__nor4_4.ext:
Extracting gf180mcu_fd_sc_mcu7t5v0__dlyc_1 into gf180mcu_fd_sc_mcu7t5v0__dlyc_1.ext:
Extracting gf180mcu_fd_sc_mcu7t5v0__and2_1 into gf180mcu_fd_sc_mcu7t5v0__and2_1.ext:
Extracting gf180mcu_fd_sc_mcu7t5v0__and2_4 into gf180mcu_fd_sc_mcu7t5v0__and2_4.ext:
Extracting gf180mcu_fd_sc_mcu7t5v0__mux4_4 into gf180mcu_fd_sc_mcu7t5v0__mux4_4.ext:
Extracting gf180mcu_fd_sc_mcu7t5v0__oai211_2 into gf180mcu_fd_sc_mcu7t5v0__oai211_2.ext:
Extracting gf180mcu_fd_sc_mcu7t5v0__oai21_4 into gf180mcu_fd_sc_mcu7t5v0__oai21_4.ext:
Extracting gf180mcu_fd_sc_mcu7t5v0__nand2_1 into gf180mcu_fd_sc_mcu7t5v0__nand2_1.ext:
Extracting gf180mcu_fd_sc_mcu7t5v0__dffrnq_1 into gf180mcu_fd_sc_mcu7t5v0__dffrnq_1.ext:
Extracting gf180mcu_fd_sc_mcu7t5v0__mux2_2 into gf180mcu_fd_sc_mcu7t5v0__mux2_2.ext:
Extracting gf180mcu_fd_sc_mcu7t5v0__clkbuf_3 into gf180mcu_fd_sc_mcu7t5v0__clkbuf_3.ext:
Extracting gf180mcu_fd_sc_mcu7t5v0__nor2_2 into gf180mcu_fd_sc_mcu7t5v0__nor2_2.ext:
Extracting gf180mcu_fd_sc_mcu7t5v0__and3_1 into gf180mcu_fd_sc_mcu7t5v0__and3_1.ext:
Extracting gf180mcu_fd_sc_mcu7t5v0__nand3_4 into gf180mcu_fd_sc_mcu7t5v0__nand3_4.ext:
Extracting gf180mcu_fd_sc_mcu7t5v0__nor2_1 into gf180mcu_fd_sc_mcu7t5v0__nor2_1.ext:
Extracting gf180mcu_fd_sc_mcu7t5v0__nor3_4 into gf180mcu_fd_sc_mcu7t5v0__nor3_4.ext:
Extracting gf180mcu_fd_sc_mcu7t5v0__mux4_2 into gf180mcu_fd_sc_mcu7t5v0__mux4_2.ext:
Extracting gf180mcu_fd_sc_mcu7t5v0__dffrnq_2 into gf180mcu_fd_sc_mcu7t5v0__dffrnq_2.ext:
Extracting gf180mcu_fd_sc_mcu7t5v0__clkinv_2 into gf180mcu_fd_sc_mcu7t5v0__clkinv_2.ext:
Extracting gf180mcu_fd_sc_mcu7t5v0__aoi21_1 into gf180mcu_fd_sc_mcu7t5v0__aoi21_1.ext:
Extracting gf180mcu_fd_sc_mcu7t5v0__oai22_2 into gf180mcu_fd_sc_mcu7t5v0__oai22_2.ext:
Extracting gf180mcu_fd_sc_mcu7t5v0__oai31_2 into gf180mcu_fd_sc_mcu7t5v0__oai31_2.ext:
Extracting gf180mcu_fd_sc_mcu7t5v0__nand3_2 into gf180mcu_fd_sc_mcu7t5v0__nand3_2.ext:
Extracting gf180mcu_fd_sc_mcu7t5v0__aoi22_1 into gf180mcu_fd_sc_mcu7t5v0__aoi22_1.ext:
Extracting gf180mcu_fd_sc_mcu7t5v0__nor2_4 into gf180mcu_fd_sc_mcu7t5v0__nor2_4.ext:
Extracting gf180mcu_fd_sc_mcu7t5v0__nor3_2 into gf180mcu_fd_sc_mcu7t5v0__nor3_2.ext:
Extracting gf180mcu_fd_sc_mcu7t5v0__aoi21_2 into gf180mcu_fd_sc_mcu7t5v0__aoi21_2.ext:
Extracting gf180mcu_fd_sc_mcu7t5v0__aoi221_1 into gf180mcu_fd_sc_mcu7t5v0__aoi221_1.ext:
Extracting gf180mcu_fd_sc_mcu7t5v0__oai21_2 into gf180mcu_fd_sc_mcu7t5v0__oai21_2.ext:
Extracting gf180mcu_fd_sc_mcu7t5v0__oai31_1 into gf180mcu_fd_sc_mcu7t5v0__oai31_1.ext:
Extracting gf180mcu_fd_sc_mcu7t5v0__inv_4 into gf180mcu_fd_sc_mcu7t5v0__inv_4.ext:
Extracting gf180mcu_fd_sc_mcu7t5v0__aoi211_2 into gf180mcu_fd_sc_mcu7t5v0__aoi211_2.ext:
Extracting gf180mcu_fd_sc_mcu7t5v0__clkinv_4 into gf180mcu_fd_sc_mcu7t5v0__clkinv_4.ext:
Extracting gf180mcu_fd_sc_mcu7t5v0__oai221_4 into gf180mcu_fd_sc_mcu7t5v0__oai221_4.ext:
Extracting gf180mcu_fd_sc_mcu7t5v0__nand4_1 into gf180mcu_fd_sc_mcu7t5v0__nand4_1.ext:
Extracting gf180mcu_fd_sc_mcu7t5v0__and4_1 into gf180mcu_fd_sc_mcu7t5v0__and4_1.ext:
Extracting gf180mcu_fd_sc_mcu7t5v0__dffrnq_4 into gf180mcu_fd_sc_mcu7t5v0__dffrnq_4.ext:
Extracting gf180mcu_fd_sc_mcu7t5v0__or4_1 into gf180mcu_fd_sc_mcu7t5v0__or4_1.ext:
Extracting gf180mcu_fd_sc_mcu7t5v0__buf_16 into gf180mcu_fd_sc_mcu7t5v0__buf_16.ext:
Extracting gf180mcu_fd_sc_mcu7t5v0__aoi22_2 into gf180mcu_fd_sc_mcu7t5v0__aoi22_2.ext:
Extracting gf180mcu_fd_sc_mcu7t5v0__aoi211_4 into gf180mcu_fd_sc_mcu7t5v0__aoi211_4.ext:
Extracting gf180mcu_fd_sc_mcu7t5v0__aoi22_4 into gf180mcu_fd_sc_mcu7t5v0__aoi22_4.ext:
Extracting gf180mcu_fd_sc_mcu7t5v0__aoi211_1 into gf180mcu_fd_sc_mcu7t5v0__aoi211_1.ext:
Extracting gf180mcu_fd_sc_mcu7t5v0__oai211_4 into gf180mcu_fd_sc_mcu7t5v0__oai211_4.ext:
Extracting gf180mcu_fd_sc_mcu7t5v0__nor3_1 into gf180mcu_fd_sc_mcu7t5v0__nor3_1.ext:
Extracting gf180mcu_fd_sc_mcu7t5v0__dffsnq_2 into gf180mcu_fd_sc_mcu7t5v0__dffsnq_2.ext:
Extracting gf180mcu_fd_sc_mcu7t5v0__xnor2_1 into gf180mcu_fd_sc_mcu7t5v0__xnor2_1.ext:
Extracting gf180mcu_fd_sc_mcu7t5v0__xor2_1 into gf180mcu_fd_sc_mcu7t5v0__xor2_1.ext:
Extracting gf180mcu_fd_sc_mcu7t5v0__or3_1 into gf180mcu_fd_sc_mcu7t5v0__or3_1.ext:
Extracting gf180mcu_fd_sc_mcu7t5v0__inv_1 into gf180mcu_fd_sc_mcu7t5v0__inv_1.ext:
Extracting gf180mcu_fd_sc_mcu7t5v0__oai22_1 into gf180mcu_fd_sc_mcu7t5v0__oai22_1.ext:
Extracting gf180mcu_fd_sc_mcu7t5v0__oai221_1 into gf180mcu_fd_sc_mcu7t5v0__oai221_1.ext:
Extracting gf180mcu_fd_sc_mcu7t5v0__clkinv_3 into gf180mcu_fd_sc_mcu7t5v0__clkinv_3.ext:
Extracting gf180mcu_fd_sc_mcu7t5v0__aoi21_4 into gf180mcu_fd_sc_mcu7t5v0__aoi21_4.ext:
Extracting gf180mcu_fd_sc_mcu7t5v0__aoi222_2 into gf180mcu_fd_sc_mcu7t5v0__aoi222_2.ext:
Extracting gf180mcu_fd_sc_mcu7t5v0__xor2_2 into gf180mcu_fd_sc_mcu7t5v0__xor2_2.ext:
Extracting gf180mcu_fd_sc_mcu7t5v0__nand4_4 into gf180mcu_fd_sc_mcu7t5v0__nand4_4.ext:
Extracting gf180mcu_fd_sc_mcu7t5v0__xnor2_2 into gf180mcu_fd_sc_mcu7t5v0__xnor2_2.ext:
Extracting gf180mcu_fd_sc_mcu7t5v0__oai31_4 into gf180mcu_fd_sc_mcu7t5v0__oai31_4.ext:
Extracting gf180mcu_fd_sc_mcu7t5v0__oai221_2 into gf180mcu_fd_sc_mcu7t5v0__oai221_2.ext:
Extracting gf180mcu_fd_sc_mcu7t5v0__or2_2 into gf180mcu_fd_sc_mcu7t5v0__or2_2.ext:
Extracting gf180mcu_fd_sc_mcu7t5v0__clkinv_8 into gf180mcu_fd_sc_mcu7t5v0__clkinv_8.ext:
Extracting gf180mcu_fd_sc_mcu7t5v0__nand4_2 into gf180mcu_fd_sc_mcu7t5v0__nand4_2.ext:
Extracting gf180mcu_fd_sc_mcu7t5v0__nor4_2 into gf180mcu_fd_sc_mcu7t5v0__nor4_2.ext:
Extracting gf180mcu_fd_sc_mcu7t5v0__and3_4 into gf180mcu_fd_sc_mcu7t5v0__and3_4.ext:
Extracting gf180mcu_fd_sc_mcu7t5v0__aoi221_2 into gf180mcu_fd_sc_mcu7t5v0__aoi221_2.ext:
Extracting gf180mcu_fd_sc_mcu7t5v0__and3_2 into gf180mcu_fd_sc_mcu7t5v0__and3_2.ext:
Extracting gf180mcu_fd_sc_mcu7t5v0__aoi221_4 into gf180mcu_fd_sc_mcu7t5v0__aoi221_4.ext:
Extracting gf180mcu_fd_sc_mcu7t5v0__or4_2 into gf180mcu_fd_sc_mcu7t5v0__or4_2.ext:
Extracting gf180mcu_fd_sc_mcu7t5v0__inv_2 into gf180mcu_fd_sc_mcu7t5v0__inv_2.ext:
Extracting gf180mcu_fd_sc_mcu7t5v0__and4_2 into gf180mcu_fd_sc_mcu7t5v0__and4_2.ext:
Extracting gf180mcu_fd_sc_mcu7t5v0__dffsnq_1 into gf180mcu_fd_sc_mcu7t5v0__dffsnq_1.ext:
Extracting gf180mcu_fd_sc_mcu7t5v0__aoi222_4 into gf180mcu_fd_sc_mcu7t5v0__aoi222_4.ext:
Extracting gf180mcu_fd_sc_mcu7t5v0__dffq_4 into gf180mcu_fd_sc_mcu7t5v0__dffq_4.ext:
Extracting gf180mcu_fd_sc_mcu7t5v0__or2_4 into gf180mcu_fd_sc_mcu7t5v0__or2_4.ext:
Extracting gf180mcu_fd_sc_mcu7t5v0__dffsnq_4 into gf180mcu_fd_sc_mcu7t5v0__dffsnq_4.ext:
Extracting gf180mcu_fd_sc_mcu7t5v0__buf_20 into gf180mcu_fd_sc_mcu7t5v0__buf_20.ext:
Extracting gf180mcu_fd_sc_mcu7t5v0__clkinv_16 into gf180mcu_fd_sc_mcu7t5v0__clkinv_16.ext:
Extracting efuse_ctrl into efuse_ctrl.ext:
Extracting user_project_wrapper into user_project_wrapper.ext:
exttospice finished.
