OpenROAD v2.0-10879-gbf9086ac8 
This program is licensed under the BSD-3 license. See the LICENSE file for details.
Components of this program may be licensed under more restrictive licenses which must be honored.
[INFO ODB-0222] Reading LEF file: /home/egor/proj/fpga2/impl/open/designs/user_project_wrapper/runs/RUN_2023.12.06_11.50.11/tmp/merged.nom.lef
[INFO ODB-0388] unsupported LEF58_EOLENCLOSURE property for layer Via1 :"
  	EOLENCLOSURE 0.34 0.06 ;"
[INFO ODB-0388] unsupported LEF58_EOLENCLOSURE property for layer Via2 :" EOLENCLOSURE 0.34 0.06 ; "
[INFO ODB-0388] unsupported LEF58_EOLENCLOSURE property for layer Via3 :" EOLENCLOSURE 0.34 0.06 ; "
[INFO ODB-0388] unsupported LEF58_EOLENCLOSURE property for layer Via4 :" EOLENCLOSURE 0.34 0.06 ; "
[INFO ODB-0223]     Created 15 technology layers
[INFO ODB-0224]     Created 56 technology vias
[INFO ODB-0225]     Created 231 library cells
[INFO ODB-0226] Finished LEF file:  /home/egor/proj/fpga2/impl/open/designs/user_project_wrapper/runs/RUN_2023.12.06_11.50.11/tmp/merged.nom.lef
[INFO ODB-0127] Reading DEF file: /home/egor/proj/fpga2/impl/open/designs/user_project_wrapper/runs/RUN_2023.12.06_11.50.11/results/routing/user_project_wrapper.def
[INFO ODB-0128] Design: user_project_wrapper
[INFO ODB-0094] 		Created 100000 Insts
[INFO ODB-0130]     Created 418 pins.
[INFO ODB-0131]     Created 129412 components and 578714 component-terminals.
[INFO ODB-0132]     Created 2 special nets and 477852 connections.
[INFO ODB-0133]     Created 31208 nets and 100862 connections.
[INFO ODB-0134] Finished DEF file: /home/egor/proj/fpga2/impl/open/designs/user_project_wrapper/runs/RUN_2023.12.06_11.50.11/results/routing/user_project_wrapper.def
Top-level design name: user_project_wrapper
Found default power net 'VDD'
Found default ground net 'VSS'
Found 1 power ports.
Found 1 ground ports.
Modified power connections of 129412/129412 cells.
