
Magic 8.3 revision 416 - Compiled on Пн 30 окт 2023 15:07:24 +06.
Starting magic under Tcl interpreter
Using the terminal as the console.
Using NULL graphics device.
Processing system .magicrc file
Sourcing design .magicrc for technology gf180mcuD ...
10 Magic internal units = 1 Lambda
Input style import: scaleFactor=10, multiplier=2
The following types are not handled by extraction and will be treated as non-electrical types:
    obsactive mvobsactive filldiff fillpoly m1hole obsm1 fillm1 obsv1 m2hole obsm2 fillm2 obsv2 m3hole obsm3 fillm3 m4hole obsm4 fillm4 m5hole obsm5 fillm5 glass fillblock lvstext obscomment 
Scaled tech values by 10 / 1 to match internal grid scaling
Loading gf180mcuD Device Generator Menu ...
Using technology "gf180mcuD", version 1.0.455-1-ge0f692f
Warning: Calma reading is not undoable!  I hope that's OK.
Library written using GDS-II Release 6.0
Library name: LIB
Reading "efuse_array".
CIF file read warning: CIF style import: units rescaled by factor of 5 / 1
Error while reading cell "efuse_array" (byte position 3882056): Warning:  Cell efuse_array boundary was redefined.
Error while reading cell "efuse_array" (byte position 3882056): Warning:  Cell efuse_array boundary was redefined.
Error while reading cell "efuse_array" (byte position 3882056): Warning:  Cell efuse_array boundary was redefined.
Error while reading cell "efuse_array" (byte position 3882056): Warning:  Cell efuse_array boundary was redefined.
Error while reading cell "efuse_array" (byte position 3882056): Warning:  Cell efuse_array boundary was redefined.
Error while reading cell "efuse_array" (byte position 3882056): Warning:  Cell efuse_array boundary was redefined.
Error while reading cell "efuse_array" (byte position 3882056): Warning:  Cell efuse_array boundary was redefined.
Reading "VIA_via3_4_3200_1200_1_3_1040_1040".
Reading "VIA_via2_3_3200_1200_1_3_1040_1040".
Reading "VIA_via1_2_3200_1200_1_3_1040_1040".
Reading "VIA_via3_4_5000_560_1_5_1040_1040".
Reading "VIA_via2_3_5000_560_1_5_1040_1040".
Reading "VIA_via1_2_5000_1200_1_4_1240_1240".
Reading "VIA_via3_4_3200_2500_2_3_1040_1040".
Reading "VIA_via3_4_3200_1160_1_3_1040_1040".
Reading "VIA_via2_3_3200_1160_1_3_1040_1040".
Reading "VIA_via1_2_3200_1160_1_3_1040_1040".
Reading "VIA_Via4_1_VH".
Reading "VIA_Via2_HH".
Reading "VIA_Via3_VV".
Reading "gf180mcu_fd_sc_mcu7t5v0__and2_2".
Reading "gf180mcu_fd_sc_mcu7t5v0__clkinv_20".
Reading "gf180mcu_fd_sc_mcu7t5v0__clkinv_16".
Reading "gf180mcu_fd_sc_mcu7t5v0__clkinv_12".
Reading "gf180mcu_fd_sc_mcu7t5v0__nand4_2".
Reading "gf180mcu_fd_sc_mcu7t5v0__inv_8".
Reading "gf180mcu_fd_sc_mcu7t5v0__inv_2".
Reading "gf180mcu_fd_sc_mcu7t5v0__or2_4".
Reading "gf180mcu_fd_sc_mcu7t5v0__oai31_4".
Reading "gf180mcu_fd_sc_mcu7t5v0__oai22_2".
Reading "VIA_Via3_HV".
Reading "VIA_Via1_HV".
Reading "VIA_Via2_VH".
Reading "VIA_Via1_VV".
Reading "gf180mcu_fd_sc_mcu7t5v0__dlyc_1".
Reading "gf180mcu_fd_sc_mcu7t5v0__dlyb_1".
Reading "gf180mcu_fd_sc_mcu7t5v0__clkbuf_16".
Reading "gf180mcu_fd_sc_mcu7t5v0__buf_1".
Reading "gf180mcu_fd_sc_mcu7t5v0__dffsnq_2".
Reading "gf180mcu_fd_sc_mcu7t5v0__dffq_2".
Reading "gf180mcu_fd_sc_mcu7t5v0__dffrnq_2".
Reading "gf180mcu_fd_sc_mcu7t5v0__dffrnq_4".
Reading "gf180mcu_fd_sc_mcu7t5v0__dffrnq_1".
Reading "gf180mcu_fd_sc_mcu7t5v0__dffq_1".
Reading "gf180mcu_fd_sc_mcu7t5v0__oai21_4".
Reading "gf180mcu_fd_sc_mcu7t5v0__clkbuf_20".
Reading "gf180mcu_fd_sc_mcu7t5v0__buf_12".
Reading "gf180mcu_fd_sc_mcu7t5v0__buf_16".
Reading "gf180mcu_fd_sc_mcu7t5v0__aoi22_2".
Reading "gf180mcu_fd_sc_mcu7t5v0__oai211_1".
Reading "gf180mcu_fd_sc_mcu7t5v0__clkbuf_1".
Reading "gf180mcu_fd_sc_mcu7t5v0__oai211_4".
Reading "gf180mcu_fd_sc_mcu7t5v0__clkbuf_2".
Reading "gf180mcu_fd_sc_mcu7t5v0__nor3_4".
Reading "gf180mcu_fd_sc_mcu7t5v0__oai21_2".
Reading "gf180mcu_fd_sc_mcu7t5v0__oai211_2".
Reading "gf180mcu_fd_sc_mcu7t5v0__buf_3".
Reading "gf180mcu_fd_sc_mcu7t5v0__or2_1".
Reading "gf180mcu_fd_sc_mcu7t5v0__nand3_2".
Reading "gf180mcu_fd_sc_mcu7t5v0__aoi22_1".
Reading "gf180mcu_fd_sc_mcu7t5v0__inv_4".
Reading "gf180mcu_fd_sc_mcu7t5v0__oai22_1".
Reading "gf180mcu_fd_sc_mcu7t5v0__buf_8".
Reading "gf180mcu_fd_sc_mcu7t5v0__buf_2".
Reading "gf180mcu_fd_sc_mcu7t5v0__clkinv_2".
Reading "gf180mcu_fd_sc_mcu7t5v0__aoi21_4".
Reading "gf180mcu_fd_sc_mcu7t5v0__clkbuf_3".
Reading "gf180mcu_fd_sc_mcu7t5v0__clkinv_8".
Reading "gf180mcu_fd_sc_mcu7t5v0__aoi211_2".
Reading "gf180mcu_fd_sc_mcu7t5v0__nor2_1".
Reading "gf180mcu_fd_sc_mcu7t5v0__nor3_2".
Reading "gf180mcu_fd_sc_mcu7t5v0__aoi211_1".
Reading "gf180mcu_fd_sc_mcu7t5v0__and3_1".
Reading "gf180mcu_fd_sc_mcu7t5v0__nand2_2".
Reading "gf180mcu_fd_sc_mcu7t5v0__aoi21_1".
Reading "gf180mcu_fd_sc_mcu7t5v0__nand3_4".
Reading "gf180mcu_fd_sc_mcu7t5v0__or2_2".
Reading "gf180mcu_fd_sc_mcu7t5v0__nand3_1".
Reading "gf180mcu_fd_sc_mcu7t5v0__nor3_1".
Reading "gf180mcu_fd_sc_mcu7t5v0__nor2_4".
Reading "gf180mcu_fd_sc_mcu7t5v0__aoi211_4".
Reading "gf180mcu_fd_sc_mcu7t5v0__inv_1".
Reading "gf180mcu_fd_sc_mcu7t5v0__oai21_1".
Reading "gf180mcu_fd_sc_mcu7t5v0__nand4_4".
Reading "gf180mcu_fd_sc_mcu7t5v0__nor2_2".
Reading "gf180mcu_fd_sc_mcu7t5v0__nand2_1".
Reading "gf180mcu_fd_sc_mcu7t5v0__aoi22_4".
Reading "gf180mcu_fd_sc_mcu7t5v0__aoi21_2".
Reading "gf180mcu_fd_sc_mcu7t5v0__inv_3".
Reading "gf180mcu_fd_sc_mcu7t5v0__and2_1".
Reading "gf180mcu_fd_sc_mcu7t5v0__buf_20".
Reading "gf180mcu_fd_sc_mcu7t5v0__nand2_4".
Reading "gf180mcu_fd_sc_mcu7t5v0__clkbuf_12".
Reading "gf180mcu_fd_sc_mcu7t5v0__clkinv_4".
Reading "gf180mcu_fd_sc_mcu7t5v0__clkinv_1".
Reading "gf180mcu_fd_sc_mcu7t5v0__clkinv_3".
Reading "gf180mcu_fd_sc_mcu7t5v0__clkbuf_8".
Reading "gf180mcu_fd_sc_mcu7t5v0__buf_4".
Reading "gf180mcu_fd_sc_mcu7t5v0__filltie".
Reading "gf180mcu_fd_sc_mcu7t5v0__endcap".
Reading "gf180mcu_fd_sc_mcu7t5v0__fillcap_64".
Reading "gf180mcu_fd_sc_mcu7t5v0__fillcap_16".
Reading "gf180mcu_fd_sc_mcu7t5v0__fillcap_32".
Reading "gf180mcu_fd_sc_mcu7t5v0__fillcap_8".
Reading "gf180mcu_fd_sc_mcu7t5v0__fillcap_4".
Reading "gf180mcu_fd_sc_mcu7t5v0__fill_2".
Reading "gf180mcu_fd_sc_mcu7t5v0__fill_1".
Reading "gf180mcu_fd_sc_mcu7t5v0__antenna".
Reading "VIA_Via4_VH".
Reading "VIA_via1_2_6200_1200_1_4_1240_1240".
Reading "VIA_via2_3_6200_560_1_6_1040_1040".
Reading "VIA_via3_4_6200_560_1_6_1040_1040".
Reading "VIA_via4_5_6200_6200_4_4_1240_1240".
Reading "VIA_via4_5_5000_6200_4_4_1240_1240".
Reading "VIA_via4_5_3200_2620_2_3_1040_1040".
Reading "VIA_via4_5_3200_6200_4_2_1240_1240".
Reading "gf180mcu_fd_sc_mcu7t5v0__clkbuf_4".
Reading "fpga_struct_block".
    5000 uses
Moving label "logic.logic_block._11_\[177\]" from metal2 to via1 in cell fpga_struct_block.
Moving label "logic.logic_block._11_\[250\]" from metal3 to via2 in cell fpga_struct_block.
Moving label "logic.logic_block._11_\[100\]" from metal3 to via2 in cell fpga_struct_block.
Moving label "_0042_" from metal3 to via2 in cell fpga_struct_block.
Moving label "_0981_" from metal3 to via2 in cell fpga_struct_block.
Moving label "_0329_" from metal3 to via2 in cell fpga_struct_block.
Moving label "logic.logic_block._11_\[44\]" from metal3 to via2 in cell fpga_struct_block.
Moving label "inputs_left_i[14]" from metal3 to via2 in cell fpga_struct_block.
Moving label "logic.logic_block.logic_cells:3.cell._1_" from metal3 to via2 in cell fpga_struct_block.
Moving label "clknet_leaf_39_config_clk_i" from metal3 to via2 in cell fpga_struct_block.
Moving label "_0061_" from metal4 to via3 in cell fpga_struct_block.
Reading "gf180mcu_fd_sc_mcu7t5v0__tiel".
Reading "efuse_ctrl".
    5000 uses
    10000 uses
    15000 uses
    20000 uses
    25000 uses
    30000 uses
    35000 uses
    40000 uses
    45000 uses
    50000 uses
    55000 uses
    60000 uses
    65000 uses
    70000 uses
    75000 uses
    80000 uses
    85000 uses
    90000 uses
    95000 uses
    100000 uses
    105000 uses
    110000 uses
    115000 uses
    120000 uses
    125000 uses
    130000 uses
    135000 uses
    140000 uses
    145000 uses
    150000 uses
    155000 uses
    160000 uses
    165000 uses
    170000 uses
    175000 uses
    180000 uses
    185000 uses
    190000 uses
    195000 uses
    200000 uses
    205000 uses
    210000 uses
    215000 uses
    220000 uses
    225000 uses
    230000 uses
Reading "gf180mcu_fd_sc_mcu7t5v0__dffsnq_1".
Reading "gf180mcu_fd_sc_mcu7t5v0__tieh".
Reading "gf180mcu_fd_sc_mcu7t5v0__dffq_4".
Reading "gf180mcu_fd_sc_mcu7t5v0__inv_20".
Reading "gf180mcu_fd_sc_mcu7t5v0__mux4_1".
Reading "gf180mcu_fd_sc_mcu7t5v0__aoi221_2".
Reading "gf180mcu_fd_sc_mcu7t5v0__oai221_2".
Reading "gf180mcu_fd_sc_mcu7t5v0__mux4_2".
Reading "gf180mcu_fd_sc_mcu7t5v0__mux2_4".
Reading "gf180mcu_fd_sc_mcu7t5v0__aoi221_4".
Reading "gf180mcu_fd_sc_mcu7t5v0__mux2_2".
Reading "gf180mcu_fd_sc_mcu7t5v0__and4_1".
Reading "gf180mcu_fd_sc_mcu7t5v0__nor4_2".
Reading "gf180mcu_fd_sc_mcu7t5v0__oai32_1".
Reading "gf180mcu_fd_sc_mcu7t5v0__nand4_1".
Reading "gf180mcu_fd_sc_mcu7t5v0__nor4_4".
Reading "gf180mcu_fd_sc_mcu7t5v0__or4_1".
Reading "gf180mcu_fd_sc_mcu7t5v0__or4_2".
Reading "gf180mcu_fd_sc_mcu7t5v0__oai221_4".
Reading "gf180mcu_fd_sc_mcu7t5v0__mux4_4".
Reading "user_project_wrapper".
    5000 uses
    10000 uses
    15000 uses
    20000 uses
    25000 uses
Error while reading cell "user_project_wrapper" (byte position 33817722): Warning: cell "VIA_via4_5_6200_6200_4_4_1240_1240" placed on top of itself.  Ignoring the extra one.
Error while reading cell "user_project_wrapper" (byte position 33944066): Warning: cell "VIA_via4_5_6200_6200_4_4_1240_1240" placed on top of itself.  Ignoring the extra one.
    30000 uses
Error while reading cell "user_project_wrapper" (byte position 34147788): Warning: cell "VIA_via4_5_6200_6200_4_4_1240_1240" placed on top of itself.  Ignoring the extra one.
    35000 uses
Error while reading cell "user_project_wrapper" (byte position 34304886): Warning: cell "VIA_via4_5_6200_6200_4_4_1240_1240" placed on top of itself.  Ignoring the extra one.
    40000 uses
    45000 uses
    50000 uses
    55000 uses
    60000 uses
Error while reading cell "user_project_wrapper" (byte position 35135046): Warning: cell "VIA_via4_5_6200_6200_4_4_1240_1240" placed on top of itself.  Ignoring the extra one.
Error while reading cell "user_project_wrapper" (byte position 35258152): Warning: cell "VIA_via4_5_6200_6200_4_4_1240_1240" placed on top of itself.  Ignoring the extra one.
    65000 uses
Error while reading cell "user_project_wrapper" (byte position 35481992): Warning: cell "VIA_via4_5_6200_6200_4_4_1240_1240" placed on top of itself.  Ignoring the extra one.
    70000 uses
Error while reading cell "user_project_wrapper" (byte position 35608734): Warning: cell "VIA_via4_5_6200_6200_4_4_1240_1240" placed on top of itself.  Ignoring the extra one.
    75000 uses
    80000 uses
    85000 uses
Error while reading cell "user_project_wrapper" (byte position 36096802): Warning: cell "VIA_via4_5_6200_6200_4_4_1240_1240" placed on top of itself.  Ignoring the extra one.
Error while reading cell "user_project_wrapper" (byte position 36239342): Warning: cell "VIA_via4_5_6200_6200_4_4_1240_1240" placed on top of itself.  Ignoring the extra one.
    90000 uses
    95000 uses
Error while reading cell "user_project_wrapper" (byte position 36488460): Warning: cell "VIA_via4_5_6200_6200_4_4_1240_1240" placed on top of itself.  Ignoring the extra one.
    100000 uses
Error while reading cell "user_project_wrapper" (byte position 36628960): Warning: cell "VIA_via4_5_6200_6200_4_4_1240_1240" placed on top of itself.  Ignoring the extra one.
    105000 uses
    110000 uses
    115000 uses
    120000 uses
    125000 uses
Error while reading cell "user_project_wrapper" (byte position 37634964): Warning: cell "VIA_via4_5_6200_6200_4_4_1240_1240" placed on top of itself.  Ignoring the extra one.
    130000 uses
Error while reading cell "user_project_wrapper" (byte position 37827554): Warning: cell "VIA_via4_5_6200_6200_4_4_1240_1240" placed on top of itself.  Ignoring the extra one.
    135000 uses
Error while reading cell "user_project_wrapper" (byte position 38048174): Warning: cell "VIA_via4_5_6200_6200_4_4_1240_1240" placed on top of itself.  Ignoring the extra one.
    140000 uses
Error while reading cell "user_project_wrapper" (byte position 38206864): Warning: cell "VIA_via4_5_6200_6200_4_4_1240_1240" placed on top of itself.  Ignoring the extra one.
    145000 uses
    150000 uses
    155000 uses
    160000 uses
    165000 uses
    170000 uses
    175000 uses
    180000 uses
    185000 uses
    190000 uses
    195000 uses
    200000 uses
    205000 uses
    210000 uses
    215000 uses
    220000 uses
    225000 uses
    230000 uses
    235000 uses
    240000 uses
    245000 uses
    250000 uses
    255000 uses
    260000 uses
    265000 uses
    270000 uses
    275000 uses
    280000 uses
    285000 uses
    290000 uses
    295000 uses
    300000 uses
    305000 uses
    310000 uses
    315000 uses
    320000 uses
    325000 uses
    330000 uses
    335000 uses
    340000 uses
    345000 uses
    350000 uses
    355000 uses
    360000 uses
    365000 uses
[INFO]: Loading user_project_wrapper

DRC style is now "drc(full)"
Loading DRC CIF style.
No errors found.
[INFO]: COUNT: 0
[INFO]: Should be divided by 3 or 4
[INFO]: DRC Checking DONE (/home/egor/proj/fpga2/impl/open/designs/user_project_wrapper/runs/RUN_2023.12.06_11.50.11/reports/signoff/drc.rpt)
[INFO]: Saving mag view with DRC errors (/home/egor/proj/fpga2/impl/open/designs/user_project_wrapper/runs/RUN_2023.12.06_11.50.11/results/signoff/user_project_wrapper.drc.mag)
[INFO]: Saved
